{"/home/dev/projects/voxel-horizon-demo/src/App.vue": {"path":"/home/dev/projects/voxel-horizon-demo/src/App.vue","statementMap":{"0":{"start":{"line":68,"column":13},"end":{"line":68,"column":26}},"1":{"start":{"line":69,"column":15},"end":{"line":69,"column":30}},"2":{"start":{"line":70,"column":12},"end":{"line":70,"column":30}},"3":{"start":{"line":71,"column":13},"end":{"line":71,"column":26}},"4":{"start":{"line":72,"column":12},"end":{"line":72,"column":24}},"5":{"start":{"line":74,"column":16},"end":{"line":74,"column":null}},"6":{"start":{"line":75,"column":21},"end":{"line":75,"column":null}},"7":{"start":{"line":76,"column":17},"end":{"line":76,"column":null}},"8":{"start":{"line":77,"column":20},"end":{"line":77,"column":null}},"9":{"start":{"line":78,"column":17},"end":{"line":78,"column":null}},"10":{"start":{"line":80,"column":0},"end":{"line":82,"column":null}},"11":{"start":{"line":81,"column":2},"end":{"line":81,"column":null}},"12":{"start":{"line":85,"column":2},"end":{"line":85,"column":null}},"13":{"start":{"line":89,"column":17},"end":{"line":89,"column":null}},"14":{"start":{"line":90,"column":15},"end":{"line":90,"column":null}},"15":{"start":{"line":91,"column":2},"end":{"line":91,"column":null}},"16":{"start":{"line":91,"column":54},"end":{"line":91,"column":null}},"17":{"start":{"line":94,"column":17},"end":{"line":94,"column":null}},"18":{"start":{"line":95,"column":2},"end":{"line":95,"column":null}},"19":{"start":{"line":95,"column":59},"end":{"line":95,"column":null}},"20":{"start":{"line":98,"column":17},"end":{"line":98,"column":null}},"21":{"start":{"line":99,"column":2},"end":{"line":99,"column":null}},"22":{"start":{"line":99,"column":57},"end":{"line":99,"column":null}},"23":{"start":{"line":101,"column":24},"end":{"line":101,"column":42}},"24":{"start":{"line":102,"column":25},"end":{"line":102,"column":44}},"25":{"start":{"line":104,"column":17},"end":{"line":104,"column":null}},"26":{"start":{"line":105,"column":2},"end":{"line":107,"column":null}},"27":{"start":{"line":110,"column":17},"end":{"line":110,"column":null}},"28":{"start":{"line":111,"column":2},"end":{"line":114,"column":null}},"29":{"start":{"line":112,"column":14},"end":{"line":112,"column":null}},"30":{"start":{"line":113,"column":4},"end":{"line":113,"column":null}},"31":{"start":{"line":113,"column":45},"end":{"line":113,"column":null}},"32":{"start":{"line":117,"column":2},"end":{"line":117,"column":null}},"33":{"start":{"line":118,"column":17},"end":{"line":118,"column":null}},"34":{"start":{"line":119,"column":2},"end":{"line":121,"column":null}},"35":{"start":{"line":120,"column":4},"end":{"line":120,"column":null}},"36":{"start":{"line":124,"column":17},"end":{"line":124,"column":null}},"37":{"start":{"line":125,"column":2},"end":{"line":125,"column":null}},"38":{"start":{"line":125,"column":58},"end":{"line":125,"column":null}},"39":{"start":{"line":128,"column":2},"end":{"line":128,"column":null}},"40":{"start":{"line":129,"column":2},"end":{"line":129,"column":null}},"41":{"start":{"line":130,"column":2},"end":{"line":130,"column":null}},"42":{"start":{"line":133,"column":2},"end":{"line":133,"column":null}},"43":{"start":{"line":134,"column":2},"end":{"line":134,"column":null}},"44":{"start":{"line":137,"column":17},"end":{"line":137,"column":null}},"45":{"start":{"line":138,"column":2},"end":{"line":138,"column":null}},"46":{"start":{"line":138,"column":54},"end":{"line":138,"column":null}},"47":{"start":{"line":141,"column":2},"end":{"line":141,"column":null}},"48":{"start":{"line":141,"column":30},"end":{"line":141,"column":44}},"49":{"start":{"line":141,"column":44},"end":{"line":141,"column":63}},"50":{"start":{"line":145,"column":2},"end":{"line":145,"column":null}},"51":{"start":{"line":146,"column":2},"end":{"line":146,"column":null}},"52":{"start":{"line":146,"column":21},"end":{"line":146,"column":48}},"53":{"start":{"line":149,"column":0},"end":{"line":149,"column":null}},"54":{"start":{"line":8,"column":11},"end":{"line":8,"column":null}},"55":{"start":{"line":9,"column":15},"end":{"line":9,"column":null}},"56":{"start":{"line":28,"column":86},"end":{"line":28,"column":104}},"57":{"start":{"line":28,"column":114},"end":{"line":28,"column":136}},"58":{"start":{"line":31,"column":45},"end":{"line":31,"column":68}},"59":{"start":{"line":32,"column":37},"end":{"line":32,"column":57}}},"fnMap":{"0":{"name":"(anonymous_0)","decl":{"start":{"line":80,"column":0},"end":{"line":80,"column":16}},"loc":{"start":{"line":80,"column":16},"end":{"line":82,"column":1}},"line":80},"1":{"name":"getEngine","decl":{"start":{"line":84,"column":9},"end":{"line":84,"column":21}},"loc":{"start":{"line":84,"column":21},"end":{"line":86,"column":null}},"line":84},"2":{"name":"onNewGame","decl":{"start":{"line":88,"column":9},"end":{"line":88,"column":21}},"loc":{"start":{"line":88,"column":21},"end":{"line":92,"column":null}},"line":88},"3":{"name":"onContinue","decl":{"start":{"line":93,"column":9},"end":{"line":93,"column":22}},"loc":{"start":{"line":93,"column":22},"end":{"line":96,"column":null}},"line":93},"4":{"name":"onIntroSkip","decl":{"start":{"line":97,"column":9},"end":{"line":97,"column":23}},"loc":{"start":{"line":97,"column":23},"end":{"line":100,"column":null}},"line":97},"5":{"name":"onCloseInv","decl":{"start":{"line":101,"column":9},"end":{"line":101,"column":22}},"loc":{"start":{"line":101,"column":22},"end":{"line":101,"column":null}},"line":101},"6":{"name":"onCloseShip","decl":{"start":{"line":102,"column":9},"end":{"line":102,"column":23}},"loc":{"start":{"line":102,"column":23},"end":{"line":102,"column":null}},"line":102},"7":{"name":"onRepair","decl":{"start":{"line":103,"column":9},"end":{"line":103,"column":18}},"loc":{"start":{"line":103,"column":31},"end":{"line":108,"column":null}},"line":103},"8":{"name":"onRefuel","decl":{"start":{"line":109,"column":9},"end":{"line":109,"column":20}},"loc":{"start":{"line":109,"column":20},"end":{"line":115,"column":null}},"line":109},"9":{"name":"onLaunch","decl":{"start":{"line":116,"column":9},"end":{"line":116,"column":20}},"loc":{"start":{"line":116,"column":20},"end":{"line":122,"column":null}},"line":116},"10":{"name":"onResume","decl":{"start":{"line":123,"column":9},"end":{"line":123,"column":20}},"loc":{"start":{"line":123,"column":20},"end":{"line":126,"column":null}},"line":123},"11":{"name":"onSave","decl":{"start":{"line":127,"column":9},"end":{"line":127,"column":18}},"loc":{"start":{"line":127,"column":18},"end":{"line":131,"column":null}},"line":127},"12":{"name":"onQuit","decl":{"start":{"line":132,"column":9},"end":{"line":132,"column":18}},"loc":{"start":{"line":132,"column":18},"end":{"line":135,"column":null}},"line":132},"13":{"name":"onRespawn","decl":{"start":{"line":136,"column":9},"end":{"line":136,"column":21}},"loc":{"start":{"line":136,"column":21},"end":{"line":139,"column":null}},"line":136},"14":{"name":"onWipe","decl":{"start":{"line":140,"column":9},"end":{"line":140,"column":18}},"loc":{"start":{"line":140,"column":18},"end":{"line":142,"column":null}},"line":140},"15":{"name":"triggerDamageFlash","decl":{"start":{"line":144,"column":9},"end":{"line":144,"column":30}},"loc":{"start":{"line":144,"column":30},"end":{"line":147,"column":null}},"line":144},"16":{"name":"(anonymous_16)","decl":{"start":{"line":146,"column":2},"end":{"line":146,"column":19}},"loc":{"start":{"line":146,"column":19},"end":{"line":146,"column":51}},"line":146},"17":{"name":"(anonymous_17)","decl":{"start":{"line":8,"column":9},"end":{"line":8,"column":11}},"loc":{"start":{"line":8,"column":11},"end":{"line":8,"column":null}},"line":8},"18":{"name":"(anonymous_18)","decl":{"start":{"line":9,"column":13},"end":{"line":9,"column":15}},"loc":{"start":{"line":9,"column":15},"end":{"line":9,"column":null}},"line":9},"19":{"name":"(anonymous_19)","decl":{"start":{"line":28,"column":84},"end":{"line":28,"column":86}},"loc":{"start":{"line":28,"column":86},"end":{"line":28,"column":104}},"line":28},"20":{"name":"(anonymous_20)","decl":{"start":{"line":28,"column":112},"end":{"line":28,"column":114}},"loc":{"start":{"line":28,"column":114},"end":{"line":28,"column":136}},"line":28},"21":{"name":"(anonymous_21)","decl":{"start":{"line":31,"column":43},"end":{"line":31,"column":45}},"loc":{"start":{"line":31,"column":45},"end":{"line":31,"column":68}},"line":31},"22":{"name":"(anonymous_22)","decl":{"start":{"line":32,"column":35},"end":{"line":32,"column":37}},"loc":{"start":{"line":32,"column":37},"end":{"line":32,"column":57}},"line":32}},"branchMap":{"0":{"loc":{"start":{"line":90,"column":15},"end":{"line":90,"column":null}},"type":"binary-expr","locations":[{"start":{"line":90,"column":15},"end":{"line":90,"column":39}},{"start":{"line":90,"column":39},"end":{"line":90,"column":null}}],"line":90},"1":{"loc":{"start":{"line":91,"column":2},"end":{"line":91,"column":null}},"type":"if","locations":[{"start":{"line":91,"column":2},"end":{"line":91,"column":null}},{"start":{},"end":{}}],"line":91},"2":{"loc":{"start":{"line":91,"column":6},"end":{"line":91,"column":54}},"type":"binary-expr","locations":[{"start":{"line":91,"column":6},"end":{"line":91,"column":16}},{"start":{"line":91,"column":16},"end":{"line":91,"column":54}}],"line":91},"3":{"loc":{"start":{"line":95,"column":2},"end":{"line":95,"column":null}},"type":"if","locations":[{"start":{"line":95,"column":2},"end":{"line":95,"column":null}},{"start":{},"end":{}}],"line":95},"4":{"loc":{"start":{"line":95,"column":6},"end":{"line":95,"column":59}},"type":"binary-expr","locations":[{"start":{"line":95,"column":6},"end":{"line":95,"column":16}},{"start":{"line":95,"column":16},"end":{"line":95,"column":59}}],"line":95},"5":{"loc":{"start":{"line":99,"column":2},"end":{"line":99,"column":null}},"type":"if","locations":[{"start":{"line":99,"column":2},"end":{"line":99,"column":null}},{"start":{},"end":{}}],"line":99},"6":{"loc":{"start":{"line":99,"column":6},"end":{"line":99,"column":57}},"type":"binary-expr","locations":[{"start":{"line":99,"column":6},"end":{"line":99,"column":16}},{"start":{"line":99,"column":16},"end":{"line":99,"column":57}}],"line":99},"7":{"loc":{"start":{"line":105,"column":2},"end":{"line":107,"column":null}},"type":"if","locations":[{"start":{"line":105,"column":2},"end":{"line":107,"column":null}},{"start":{},"end":{}}],"line":105},"8":{"loc":{"start":{"line":105,"column":6},"end":{"line":105,"column":89}},"type":"binary-expr","locations":[{"start":{"line":105,"column":6},"end":{"line":105,"column":22}},{"start":{"line":105,"column":22},"end":{"line":105,"column":89}}],"line":105},"9":{"loc":{"start":{"line":111,"column":2},"end":{"line":114,"column":null}},"type":"if","locations":[{"start":{"line":111,"column":2},"end":{"line":114,"column":null}},{"start":{},"end":{}}],"line":111},"10":{"loc":{"start":{"line":113,"column":4},"end":{"line":113,"column":null}},"type":"if","locations":[{"start":{"line":113,"column":4},"end":{"line":113,"column":null}},{"start":{},"end":{}}],"line":113},"11":{"loc":{"start":{"line":119,"column":2},"end":{"line":121,"column":null}},"type":"if","locations":[{"start":{"line":119,"column":2},"end":{"line":121,"column":null}},{"start":{},"end":{}}],"line":119},"12":{"loc":{"start":{"line":119,"column":6},"end":{"line":119,"column":92}},"type":"binary-expr","locations":[{"start":{"line":119,"column":6},"end":{"line":119,"column":22}},{"start":{"line":119,"column":22},"end":{"line":119,"column":92}}],"line":119},"13":{"loc":{"start":{"line":125,"column":2},"end":{"line":125,"column":null}},"type":"if","locations":[{"start":{"line":125,"column":2},"end":{"line":125,"column":null}},{"start":{},"end":{}}],"line":125},"14":{"loc":{"start":{"line":125,"column":6},"end":{"line":125,"column":58}},"type":"binary-expr","locations":[{"start":{"line":125,"column":6},"end":{"line":125,"column":16}},{"start":{"line":125,"column":16},"end":{"line":125,"column":58}}],"line":125},"15":{"loc":{"start":{"line":138,"column":2},"end":{"line":138,"column":null}},"type":"if","locations":[{"start":{"line":138,"column":2},"end":{"line":138,"column":null}},{"start":{},"end":{}}],"line":138},"16":{"loc":{"start":{"line":138,"column":6},"end":{"line":138,"column":54}},"type":"binary-expr","locations":[{"start":{"line":138,"column":6},"end":{"line":138,"column":16}},{"start":{"line":138,"column":16},"end":{"line":138,"column":54}}],"line":138},"17":{"loc":{"start":{"line":141,"column":2},"end":{"line":141,"column":null}},"type":"if","locations":[{"start":{"line":141,"column":2},"end":{"line":141,"column":null}},{"start":{},"end":{}}],"line":141},"18":{"loc":{"start":{"line":3,"column":10},"end":{"line":9,"column":null}},"type":"cond-expr","locations":[{"start":{"line":3,"column":20},"end":{"line":9,"column":null}}],"line":3},"19":{"loc":{"start":{"line":8,"column":9},"end":{"line":8,"column":null}},"type":"binary-expr","locations":[{"start":{"line":8,"column":9},"end":{"line":8,"column":11}},{"start":{"line":8,"column":9},"end":{"line":8,"column":null}}],"line":8},"20":{"loc":{"start":{"line":9,"column":13},"end":{"line":9,"column":null}},"type":"binary-expr","locations":[{"start":{"line":9,"column":13},"end":{"line":9,"column":15}},{"start":{"line":9,"column":13},"end":{"line":9,"column":null}}],"line":9},"21":{"loc":{"start":{"line":13,"column":10},"end":{"line":16,"column":null}},"type":"cond-expr","locations":[{"start":{"line":13,"column":20},"end":{"line":16,"column":null}}],"line":13},"22":{"loc":{"start":{"line":20,"column":10},"end":{"line":22,"column":null}},"type":"cond-expr","locations":[{"start":{"line":20,"column":20},"end":{"line":22,"column":null}}],"line":20},"23":{"loc":{"start":{"line":25,"column":20},"end":{"line":25,"column":null}},"type":"cond-expr","locations":[{"start":{"line":25,"column":55},"end":{"line":25,"column":null}},{"start":{"line":25,"column":70},"end":{"line":25,"column":null}}],"line":25},"24":{"loc":{"start":{"line":25,"column":20},"end":{"line":25,"column":70}},"type":"binary-expr","locations":[{"start":{"line":25,"column":20},"end":{"line":25,"column":45}},{"start":{"line":25,"column":45},"end":{"line":25,"column":70}}],"line":25},"25":{"loc":{"start":{"line":26,"column":25},"end":{"line":26,"column":57}},"type":"cond-expr","locations":[{"start":{"line":26,"column":29},"end":{"line":26,"column":57}}],"line":26},"26":{"loc":{"start":{"line":27,"column":19},"end":{"line":27,"column":110}},"type":"cond-expr","locations":[{"start":{"line":27,"column":24},"end":{"line":27,"column":110}}],"line":27},"27":{"loc":{"start":{"line":28,"column":21},"end":{"line":28,"column":152}},"type":"cond-expr","locations":[{"start":{"line":28,"column":31},"end":{"line":28,"column":152}}],"line":28},"28":{"loc":{"start":{"line":28,"column":84},"end":{"line":28,"column":104}},"type":"binary-expr","locations":[{"start":{"line":28,"column":84},"end":{"line":28,"column":86}},{"start":{"line":28,"column":84},"end":{"line":28,"column":104}}],"line":28},"29":{"loc":{"start":{"line":28,"column":112},"end":{"line":28,"column":136}},"type":"binary-expr","locations":[{"start":{"line":28,"column":112},"end":{"line":28,"column":114}},{"start":{"line":28,"column":112},"end":{"line":28,"column":136}}],"line":28},"30":{"loc":{"start":{"line":29,"column":21},"end":{"line":29,"column":67}},"type":"cond-expr","locations":[{"start":{"line":29,"column":31},"end":{"line":29,"column":67}}],"line":29},"31":{"loc":{"start":{"line":31,"column":24},"end":{"line":31,"column":84}},"type":"cond-expr","locations":[{"start":{"line":31,"column":24},"end":{"line":31,"column":84}}],"line":31},"32":{"loc":{"start":{"line":31,"column":43},"end":{"line":31,"column":68}},"type":"binary-expr","locations":[{"start":{"line":31,"column":43},"end":{"line":31,"column":45}},{"start":{"line":31,"column":43},"end":{"line":31,"column":68}}],"line":31},"33":{"loc":{"start":{"line":32,"column":20},"end":{"line":32,"column":57}},"type":"cond-expr","locations":[{"start":{"line":32,"column":20},"end":{"line":32,"column":57}}],"line":32},"34":{"loc":{"start":{"line":32,"column":35},"end":{"line":32,"column":57}},"type":"binary-expr","locations":[{"start":{"line":32,"column":35},"end":{"line":32,"column":37}},{"start":{"line":32,"column":35},"end":{"line":32,"column":57}}],"line":32},"35":{"loc":{"start":{"line":37,"column":68},"end":{"line":37,"column":150}},"type":"binary-expr","locations":[{"start":{"line":37,"column":68},"end":{"line":37,"column":76}},{"start":{"line":37,"column":68},"end":{"line":37,"column":150}}],"line":37},"36":{"loc":{"start":{"line":38,"column":2},"end":{"line":38,"column":41}},"type":"binary-expr","locations":[{"start":{"line":38,"column":2},"end":{"line":38,"column":7}},{"start":{"line":38,"column":2},"end":{"line":38,"column":41}}],"line":38},"37":{"loc":{"start":{"line":39,"column":2},"end":{"line":39,"column":62}},"type":"binary-expr","locations":[{"start":{"line":39,"column":2},"end":{"line":39,"column":7}},{"start":{"line":39,"column":2},"end":{"line":39,"column":62}}],"line":39},"38":{"loc":{"start":{"line":40,"column":2},"end":{"line":40,"column":27}},"type":"binary-expr","locations":[{"start":{"line":40,"column":2},"end":{"line":40,"column":7}},{"start":{"line":40,"column":2},"end":{"line":40,"column":27}}],"line":40},"39":{"loc":{"start":{"line":43,"column":42},"end":{"line":43,"column":78}},"type":"cond-expr","locations":[{"start":{"line":43,"column":60},"end":{"line":43,"column":78}},{"start":{"line":43,"column":60},"end":{"line":43,"column":78}}],"line":43}},"s":{"0":0,"1":0,"2":0,"3":0,"4":0,"5":0,"6":0,"7":0,"8":0,"9":0,"10":0,"11":0,"12":0,"13":0,"14":0,"15":0,"16":0,"17":0,"18":0,"19":0,"20":0,"21":0,"22":0,"23":0,"24":0,"25":0,"26":0,"27":0,"28":0,"29":0,"30":0,"31":0,"32":0,"33":0,"34":0,"35":0,"36":0,"37":0,"38":0,"39":0,"40":0,"41":0,"42":0,"43":0,"44":0,"45":0,"46":0,"47":0,"48":0,"49":0,"50":0,"51":0,"52":0,"53":0,"54":0,"55":0,"56":0,"57":0,"58":0,"59":0},"f":{"0":0,"1":0,"2":0,"3":0,"4":0,"5":0,"6":0,"7":0,"8":0,"9":0,"10":0,"11":0,"12":0,"13":0,"14":0,"15":0,"16":0,"17":0,"18":0,"19":0,"20":0,"21":0,"22":0},"b":{"0":[0,0],"1":[0,0],"2":[0,0],"3":[0,0],"4":[0,0],"5":[0,0],"6":[0,0],"7":[0,0],"8":[0,0],"9":[0,0],"10":[0,0],"11":[0,0],"12":[0,0],"13":[0,0],"14":[0,0],"15":[0,0],"16":[0,0],"17":[0,0],"18":[0],"19":[0,0],"20":[0,0],"21":[0],"22":[0],"23":[0,0],"24":[0,0],"25":[0],"26":[0],"27":[0],"28":[0,0],"29":[0,0],"30":[0],"31":[0],"32":[0,0],"33":[0],"34":[0,0],"35":[0,0],"36":[0,0],"37":[0,0],"38":[0,0],"39":[0,0]},"meta":{"lastBranch":40,"lastFunction":23,"lastStatement":60,"seen":{"s:68:13:68:26":0,"s:69:15:69:30":1,"s:70:12:70:30":2,"s:71:13:71:26":3,"s:72:12:72:24":4,"s:74:16:74:Infinity":5,"s:75:21:75:Infinity":6,"s:76:17:76:Infinity":7,"s:77:20:77:Infinity":8,"s:78:17:78:Infinity":9,"s:80:0:82:Infinity":10,"f:80:0:80:16":0,"s:81:2:81:Infinity":11,"f:84:9:84:21":1,"s:85:2:85:Infinity":12,"f:88:9:88:21":2,"s:89:17:89:Infinity":13,"s:90:15:90:Infinity":14,"b:90:15:90:39:90:39:90:Infinity":0,"b:91:2:91:Infinity:undefined:undefined:undefined:undefined":1,"s:91:2:91:Infinity":15,"b:91:6:91:16:91:16:91:54":2,"s:91:54:91:Infinity":16,"f:93:9:93:22":3,"s:94:17:94:Infinity":17,"b:95:2:95:Infinity:undefined:undefined:undefined:undefined":3,"s:95:2:95:Infinity":18,"b:95:6:95:16:95:16:95:59":4,"s:95:59:95:Infinity":19,"f:97:9:97:23":4,"s:98:17:98:Infinity":20,"b:99:2:99:Infinity:undefined:undefined:undefined:undefined":5,"s:99:2:99:Infinity":21,"b:99:6:99:16:99:16:99:57":6,"s:99:57:99:Infinity":22,"f:101:9:101:22":5,"s:101:24:101:42":23,"f:102:9:102:23":6,"s:102:25:102:44":24,"f:103:9:103:18":7,"s:104:17:104:Infinity":25,"b:105:2:107:Infinity:undefined:undefined:undefined:undefined":7,"s:105:2:107:Infinity":26,"b:105:6:105:22:105:22:105:89":8,"f:109:9:109:20":8,"s:110:17:110:Infinity":27,"b:111:2:114:Infinity:undefined:undefined:undefined:undefined":9,"s:111:2:114:Infinity":28,"s:112:14:112:Infinity":29,"b:113:4:113:Infinity:undefined:undefined:undefined:undefined":10,"s:113:4:113:Infinity":30,"s:113:45:113:Infinity":31,"f:116:9:116:20":9,"s:117:2:117:Infinity":32,"s:118:17:118:Infinity":33,"b:119:2:121:Infinity:undefined:undefined:undefined:undefined":11,"s:119:2:121:Infinity":34,"b:119:6:119:22:119:22:119:92":12,"s:120:4:120:Infinity":35,"f:123:9:123:20":10,"s:124:17:124:Infinity":36,"b:125:2:125:Infinity:undefined:undefined:undefined:undefined":13,"s:125:2:125:Infinity":37,"b:125:6:125:16:125:16:125:58":14,"s:125:58:125:Infinity":38,"f:127:9:127:18":11,"s:128:2:128:Infinity":39,"s:129:2:129:Infinity":40,"s:130:2:130:Infinity":41,"f:132:9:132:18":12,"s:133:2:133:Infinity":42,"s:134:2:134:Infinity":43,"f:136:9:136:21":13,"s:137:17:137:Infinity":44,"b:138:2:138:Infinity:undefined:undefined:undefined:undefined":15,"s:138:2:138:Infinity":45,"b:138:6:138:16:138:16:138:54":16,"s:138:54:138:Infinity":46,"f:140:9:140:18":14,"b:141:2:141:Infinity:undefined:undefined:undefined:undefined":17,"s:141:2:141:Infinity":47,"s:141:30:141:44":48,"s:141:44:141:63":49,"f:144:9:144:30":15,"s:145:2:145:Infinity":50,"s:146:2:146:Infinity":51,"f:146:2:146:19":16,"s:146:21:146:48":52,"s:149:0:149:Infinity":53,"b:3:20:9:Infinity":18,"b:8:9:8:11:8:9:8:Infinity":19,"f:8:9:8:11":17,"s:8:11:8:Infinity":54,"b:9:13:9:15:9:13:9:Infinity":20,"f:9:13:9:15":18,"s:9:15:9:Infinity":55,"b:13:20:16:Infinity":21,"b:20:20:22:Infinity":22,"b:25:55:25:Infinity:25:70:25:Infinity":23,"b:25:20:25:45:25:45:25:70":24,"b:26:29:26:57":25,"b:27:24:27:110":26,"b:28:31:28:152":27,"b:28:84:28:86:28:84:28:104":28,"f:28:84:28:86":19,"s:28:86:28:104":56,"b:28:112:28:114:28:112:28:136":29,"f:28:112:28:114":20,"s:28:114:28:136":57,"b:29:31:29:67":30,"b:31:24:31:84":31,"b:31:43:31:45:31:43:31:68":32,"f:31:43:31:45":21,"s:31:45:31:68":58,"b:32:20:32:57":33,"b:32:35:32:37:32:35:32:57":34,"f:32:35:32:37":22,"s:32:37:32:57":59,"b:37:68:37:76:37:68:37:150":35,"b:38:2:38:7:38:2:38:41":36,"b:39:2:39:7:39:2:39:62":37,"b:40:2:40:7:40:2:40:27":38,"b:43:60:43:78:43:60:43:78":39},"fnNames":{}}}
,"/home/dev/projects/voxel-horizon-demo/src/atlas.ts": {"path":"/home/dev/projects/voxel-horizon-demo/src/atlas.ts","statementMap":{"0":{"start":{"line":15,"column":4},"end":{"line":15,"column":null}},"1":{"start":{"line":16,"column":4},"end":{"line":16,"column":null}},"2":{"start":{"line":17,"column":4},"end":{"line":17,"column":null}},"3":{"start":{"line":18,"column":4},"end":{"line":18,"column":null}},"4":{"start":{"line":19,"column":4},"end":{"line":19,"column":null}},"5":{"start":{"line":20,"column":4},"end":{"line":20,"column":null}},"6":{"start":{"line":21,"column":4},"end":{"line":21,"column":null}},"7":{"start":{"line":22,"column":4},"end":{"line":22,"column":null}},"8":{"start":{"line":26,"column":14},"end":{"line":26,"column":null}},"9":{"start":{"line":27,"column":4},"end":{"line":27,"column":null}},"10":{"start":{"line":31,"column":14},"end":{"line":31,"column":null}},"11":{"start":{"line":32,"column":15},"end":{"line":32,"column":35}},"12":{"start":{"line":32,"column":39},"end":{"line":32,"column":null}},"13":{"start":{"line":33,"column":14},"end":{"line":33,"column":null}},"14":{"start":{"line":34,"column":4},"end":{"line":34,"column":null}},"15":{"start":{"line":38,"column":16},"end":{"line":38,"column":26}},"16":{"start":{"line":38,"column":31},"end":{"line":38,"column":null}},"17":{"start":{"line":39,"column":4},"end":{"line":39,"column":null}},"18":{"start":{"line":40,"column":16},"end":{"line":40,"column":null}},"19":{"start":{"line":42,"column":10},"end":{"line":48,"column":null}},"20":{"start":{"line":43,"column":23},"end":{"line":43,"column":null}},"21":{"start":{"line":44,"column":6},"end":{"line":44,"column":null}},"22":{"start":{"line":45,"column":6},"end":{"line":45,"column":null}},"23":{"start":{"line":46,"column":6},"end":{"line":46,"column":null}},"24":{"start":{"line":46,"column":48},"end":{"line":46,"column":67}},"25":{"start":{"line":46,"column":67},"end":{"line":46,"column":93}},"26":{"start":{"line":47,"column":6},"end":{"line":47,"column":null}},"27":{"start":{"line":49,"column":10},"end":{"line":54,"column":null}},"28":{"start":{"line":50,"column":6},"end":{"line":53,"column":null}},"29":{"start":{"line":50,"column":19},"end":{"line":50,"column":22}},"30":{"start":{"line":50,"column":35},"end":{"line":53,"column":null}},"31":{"start":{"line":50,"column":48},"end":{"line":50,"column":51}},"32":{"start":{"line":51,"column":8},"end":{"line":51,"column":null}},"33":{"start":{"line":51,"column":36},"end":{"line":51,"column":null}},"34":{"start":{"line":52,"column":8},"end":{"line":52,"column":null}},"35":{"start":{"line":56,"column":4},"end":{"line":60,"column":null}},"36":{"start":{"line":57,"column":6},"end":{"line":57,"column":null}},"37":{"start":{"line":58,"column":6},"end":{"line":58,"column":null}},"38":{"start":{"line":58,"column":19},"end":{"line":58,"column":22}},"39":{"start":{"line":58,"column":35},"end":{"line":58,"column":null}},"40":{"start":{"line":59,"column":6},"end":{"line":59,"column":null}},"41":{"start":{"line":59,"column":19},"end":{"line":59,"column":22}},"42":{"start":{"line":59,"column":34},"end":{"line":59,"column":null}},"43":{"start":{"line":61,"column":4},"end":{"line":64,"column":null}},"44":{"start":{"line":62,"column":6},"end":{"line":62,"column":null}},"45":{"start":{"line":63,"column":6},"end":{"line":63,"column":null}},"46":{"start":{"line":63,"column":19},"end":{"line":63,"column":22}},"47":{"start":{"line":63,"column":35},"end":{"line":63,"column":null}},"48":{"start":{"line":65,"column":4},"end":{"line":71,"column":null}},"49":{"start":{"line":66,"column":6},"end":{"line":66,"column":null}},"50":{"start":{"line":67,"column":6},"end":{"line":70,"column":null}},"51":{"start":{"line":67,"column":19},"end":{"line":67,"column":22}},"52":{"start":{"line":68,"column":18},"end":{"line":68,"column":null}},"53":{"start":{"line":69,"column":8},"end":{"line":69,"column":null}},"54":{"start":{"line":69,"column":21},"end":{"line":69,"column":24}},"55":{"start":{"line":69,"column":36},"end":{"line":69,"column":null}},"56":{"start":{"line":72,"column":4},"end":{"line":75,"column":null}},"57":{"start":{"line":73,"column":6},"end":{"line":73,"column":null}},"58":{"start":{"line":74,"column":6},"end":{"line":74,"column":null}},"59":{"start":{"line":74,"column":19},"end":{"line":74,"column":22}},"60":{"start":{"line":74,"column":46},"end":{"line":74,"column":62}},"61":{"start":{"line":74,"column":66},"end":{"line":74,"column":82}},"62":{"start":{"line":74,"column":82},"end":{"line":74,"column":102}},"63":{"start":{"line":74,"column":102},"end":{"line":74,"column":126}},"64":{"start":{"line":76,"column":4},"end":{"line":79,"column":null}},"65":{"start":{"line":77,"column":6},"end":{"line":77,"column":null}},"66":{"start":{"line":78,"column":6},"end":{"line":78,"column":null}},"67":{"start":{"line":78,"column":19},"end":{"line":78,"column":22}},"68":{"start":{"line":78,"column":34},"end":{"line":78,"column":null}},"69":{"start":{"line":80,"column":4},"end":{"line":85,"column":null}},"70":{"start":{"line":81,"column":6},"end":{"line":84,"column":null}},"71":{"start":{"line":81,"column":19},"end":{"line":81,"column":22}},"72":{"start":{"line":82,"column":19},"end":{"line":82,"column":null}},"73":{"start":{"line":83,"column":8},"end":{"line":83,"column":null}},"74":{"start":{"line":83,"column":21},"end":{"line":83,"column":24}},"75":{"start":{"line":83,"column":37},"end":{"line":83,"column":null}},"76":{"start":{"line":86,"column":4},"end":{"line":92,"column":null}},"77":{"start":{"line":87,"column":6},"end":{"line":87,"column":null}},"78":{"start":{"line":88,"column":6},"end":{"line":91,"column":null}},"79":{"start":{"line":88,"column":19},"end":{"line":88,"column":22}},"80":{"start":{"line":88,"column":37},"end":{"line":91,"column":null}},"81":{"start":{"line":88,"column":50},"end":{"line":88,"column":53}},"82":{"start":{"line":89,"column":18},"end":{"line":89,"column":57}},"83":{"start":{"line":89,"column":61},"end":{"line":89,"column":null}},"84":{"start":{"line":90,"column":8},"end":{"line":90,"column":null}},"85":{"start":{"line":90,"column":50},"end":{"line":90,"column":null}},"86":{"start":{"line":93,"column":4},"end":{"line":96,"column":null}},"87":{"start":{"line":94,"column":6},"end":{"line":94,"column":null}},"88":{"start":{"line":95,"column":6},"end":{"line":95,"column":null}},"89":{"start":{"line":95,"column":19},"end":{"line":95,"column":22}},"90":{"start":{"line":95,"column":35},"end":{"line":95,"column":null}},"91":{"start":{"line":97,"column":4},"end":{"line":105,"column":null}},"92":{"start":{"line":98,"column":19},"end":{"line":98,"column":null}},"93":{"start":{"line":99,"column":6},"end":{"line":104,"column":null}},"94":{"start":{"line":99,"column":19},"end":{"line":99,"column":22}},"95":{"start":{"line":99,"column":35},"end":{"line":104,"column":null}},"96":{"start":{"line":99,"column":48},"end":{"line":99,"column":51}},"97":{"start":{"line":100,"column":16},"end":{"line":100,"column":null}},"98":{"start":{"line":101,"column":8},"end":{"line":101,"column":null}},"99":{"start":{"line":101,"column":25},"end":{"line":101,"column":null}},"100":{"start":{"line":102,"column":8},"end":{"line":102,"column":null}},"101":{"start":{"line":102,"column":123},"end":{"line":102,"column":null}},"102":{"start":{"line":103,"column":8},"end":{"line":103,"column":null}},"103":{"start":{"line":106,"column":4},"end":{"line":109,"column":null}},"104":{"start":{"line":107,"column":6},"end":{"line":107,"column":null}},"105":{"start":{"line":107,"column":19},"end":{"line":107,"column":22}},"106":{"start":{"line":107,"column":37},"end":{"line":107,"column":57}},"107":{"start":{"line":107,"column":57},"end":{"line":107,"column":78}},"108":{"start":{"line":107,"column":78},"end":{"line":107,"column":98}},"109":{"start":{"line":107,"column":98},"end":{"line":107,"column":119}},"110":{"start":{"line":108,"column":6},"end":{"line":108,"column":26}},"111":{"start":{"line":108,"column":26},"end":{"line":108,"column":46}},"112":{"start":{"line":108,"column":46},"end":{"line":108,"column":66}},"113":{"start":{"line":108,"column":66},"end":{"line":108,"column":88}},"114":{"start":{"line":108,"column":88},"end":{"line":108,"column":null}},"115":{"start":{"line":110,"column":4},"end":{"line":115,"column":null}},"116":{"start":{"line":111,"column":6},"end":{"line":111,"column":null}},"117":{"start":{"line":112,"column":6},"end":{"line":112,"column":null}},"118":{"start":{"line":112,"column":19},"end":{"line":112,"column":22}},"119":{"start":{"line":112,"column":37},"end":{"line":112,"column":57}},"120":{"start":{"line":112,"column":57},"end":{"line":112,"column":78}},"121":{"start":{"line":112,"column":78},"end":{"line":112,"column":98}},"122":{"start":{"line":112,"column":98},"end":{"line":112,"column":119}},"123":{"start":{"line":113,"column":6},"end":{"line":113,"column":null}},"124":{"start":{"line":113,"column":19},"end":{"line":113,"column":22}},"125":{"start":{"line":113,"column":34},"end":{"line":113,"column":null}},"126":{"start":{"line":114,"column":6},"end":{"line":114,"column":26}},"127":{"start":{"line":114,"column":26},"end":{"line":114,"column":47}},"128":{"start":{"line":114,"column":47},"end":{"line":114,"column":68}},"129":{"start":{"line":114,"column":68},"end":{"line":114,"column":null}},"130":{"start":{"line":116,"column":4},"end":{"line":120,"column":null}},"131":{"start":{"line":117,"column":6},"end":{"line":117,"column":null}},"132":{"start":{"line":118,"column":6},"end":{"line":118,"column":null}},"133":{"start":{"line":118,"column":19},"end":{"line":118,"column":22}},"134":{"start":{"line":118,"column":35},"end":{"line":118,"column":null}},"135":{"start":{"line":118,"column":48},"end":{"line":118,"column":51}},"136":{"start":{"line":118,"column":64},"end":{"line":118,"column":null}},"137":{"start":{"line":119,"column":6},"end":{"line":119,"column":null}},"138":{"start":{"line":119,"column":19},"end":{"line":119,"column":22}},"139":{"start":{"line":119,"column":37},"end":{"line":119,"column":57}},"140":{"start":{"line":119,"column":57},"end":{"line":119,"column":78}},"141":{"start":{"line":119,"column":78},"end":{"line":119,"column":98}},"142":{"start":{"line":119,"column":98},"end":{"line":119,"column":119}},"143":{"start":{"line":121,"column":4},"end":{"line":125,"column":null}},"144":{"start":{"line":122,"column":16},"end":{"line":122,"column":null}},"145":{"start":{"line":123,"column":6},"end":{"line":123,"column":null}},"146":{"start":{"line":124,"column":6},"end":{"line":124,"column":null}},"147":{"start":{"line":124,"column":19},"end":{"line":124,"column":22}},"148":{"start":{"line":124,"column":46},"end":{"line":124,"column":62}},"149":{"start":{"line":124,"column":66},"end":{"line":124,"column":82}},"150":{"start":{"line":124,"column":82},"end":{"line":124,"column":108}},"151":{"start":{"line":124,"column":108},"end":{"line":124,"column":138}},"152":{"start":{"line":127,"column":10},"end":{"line":127,"column":null}},"153":{"start":{"line":127,"column":99},"end":{"line":127,"column":null}},"154":{"start":{"line":128,"column":4},"end":{"line":133,"column":null}},"155":{"start":{"line":129,"column":6},"end":{"line":132,"column":null}},"156":{"start":{"line":129,"column":19},"end":{"line":129,"column":22}},"157":{"start":{"line":130,"column":18},"end":{"line":130,"column":38}},"158":{"start":{"line":130,"column":42},"end":{"line":130,"column":null}},"159":{"start":{"line":131,"column":8},"end":{"line":131,"column":null}},"160":{"start":{"line":131,"column":21},"end":{"line":131,"column":24}},"161":{"start":{"line":131,"column":36},"end":{"line":131,"column":null}},"162":{"start":{"line":134,"column":4},"end":{"line":142,"column":null}},"163":{"start":{"line":135,"column":6},"end":{"line":135,"column":null}},"164":{"start":{"line":135,"column":19},"end":{"line":135,"column":22}},"165":{"start":{"line":135,"column":35},"end":{"line":135,"column":null}},"166":{"start":{"line":136,"column":16},"end":{"line":136,"column":null}},"167":{"start":{"line":137,"column":6},"end":{"line":140,"column":null}},"168":{"start":{"line":137,"column":19},"end":{"line":137,"column":22}},"169":{"start":{"line":138,"column":18},"end":{"line":138,"column":32}},"170":{"start":{"line":138,"column":36},"end":{"line":138,"column":null}},"171":{"start":{"line":139,"column":8},"end":{"line":139,"column":null}},"172":{"start":{"line":141,"column":6},"end":{"line":141,"column":null}},"173":{"start":{"line":143,"column":4},"end":{"line":148,"column":null}},"174":{"start":{"line":144,"column":6},"end":{"line":144,"column":null}},"175":{"start":{"line":144,"column":19},"end":{"line":144,"column":22}},"176":{"start":{"line":144,"column":35},"end":{"line":144,"column":null}},"177":{"start":{"line":145,"column":38},"end":{"line":145,"column":null}},"178":{"start":{"line":146,"column":6},"end":{"line":146,"column":null}},"179":{"start":{"line":146,"column":34},"end":{"line":146,"column":54}},"180":{"start":{"line":146,"column":54},"end":{"line":146,"column":78}},"181":{"start":{"line":147,"column":6},"end":{"line":147,"column":26}},"182":{"start":{"line":147,"column":26},"end":{"line":147,"column":46}},"183":{"start":{"line":147,"column":46},"end":{"line":147,"column":null}},"184":{"start":{"line":149,"column":4},"end":{"line":155,"column":null}},"185":{"start":{"line":150,"column":12},"end":{"line":152,"column":null}},"186":{"start":{"line":151,"column":8},"end":{"line":151,"column":null}},"187":{"start":{"line":151,"column":21},"end":{"line":151,"column":24}},"188":{"start":{"line":151,"column":38},"end":{"line":151,"column":74}},"189":{"start":{"line":151,"column":74},"end":{"line":151,"column":126}},"190":{"start":{"line":151,"column":89},"end":{"line":151,"column":126}},"191":{"start":{"line":153,"column":6},"end":{"line":153,"column":45}},"192":{"start":{"line":153,"column":45},"end":{"line":153,"column":85}},"193":{"start":{"line":153,"column":85},"end":{"line":153,"column":null}},"194":{"start":{"line":154,"column":6},"end":{"line":154,"column":null}},"195":{"start":{"line":156,"column":4},"end":{"line":161,"column":null}},"196":{"start":{"line":157,"column":6},"end":{"line":157,"column":null}},"197":{"start":{"line":157,"column":19},"end":{"line":157,"column":22}},"198":{"start":{"line":157,"column":35},"end":{"line":157,"column":null}},"199":{"start":{"line":158,"column":16},"end":{"line":158,"column":null}},"200":{"start":{"line":159,"column":6},"end":{"line":159,"column":null}},"201":{"start":{"line":159,"column":125},"end":{"line":159,"column":null}},"202":{"start":{"line":160,"column":6},"end":{"line":160,"column":26}},"203":{"start":{"line":160,"column":26},"end":{"line":160,"column":47}},"204":{"start":{"line":160,"column":47},"end":{"line":160,"column":null}},"205":{"start":{"line":162,"column":4},"end":{"line":165,"column":null}},"206":{"start":{"line":163,"column":6},"end":{"line":163,"column":null}},"207":{"start":{"line":164,"column":6},"end":{"line":164,"column":null}},"208":{"start":{"line":164,"column":19},"end":{"line":164,"column":22}},"209":{"start":{"line":164,"column":47},"end":{"line":164,"column":63}},"210":{"start":{"line":164,"column":67},"end":{"line":164,"column":83}},"211":{"start":{"line":164,"column":83},"end":{"line":164,"column":103}},"212":{"start":{"line":164,"column":103},"end":{"line":164,"column":144}},"213":{"start":{"line":164,"column":120},"end":{"line":164,"column":144}},"214":{"start":{"line":166,"column":4},"end":{"line":169,"column":null}},"215":{"start":{"line":167,"column":6},"end":{"line":167,"column":null}},"216":{"start":{"line":168,"column":6},"end":{"line":168,"column":null}},"217":{"start":{"line":168,"column":19},"end":{"line":168,"column":22}},"218":{"start":{"line":168,"column":47},"end":{"line":168,"column":63}},"219":{"start":{"line":168,"column":67},"end":{"line":168,"column":83}},"220":{"start":{"line":168,"column":83},"end":{"line":168,"column":103}},"221":{"start":{"line":168,"column":103},"end":{"line":168,"column":127}},"222":{"start":{"line":168,"column":127},"end":{"line":168,"column":168}},"223":{"start":{"line":168,"column":144},"end":{"line":168,"column":168}},"224":{"start":{"line":170,"column":4},"end":{"line":173,"column":null}},"225":{"start":{"line":171,"column":6},"end":{"line":171,"column":null}},"226":{"start":{"line":172,"column":6},"end":{"line":172,"column":null}},"227":{"start":{"line":172,"column":19},"end":{"line":172,"column":22}},"228":{"start":{"line":172,"column":35},"end":{"line":172,"column":null}},"229":{"start":{"line":175,"column":4},"end":{"line":185,"column":null}},"230":{"start":{"line":175,"column":17},"end":{"line":175,"column":20}},"231":{"start":{"line":176,"column":6},"end":{"line":184,"column":null}},"232":{"start":{"line":177,"column":18},"end":{"line":177,"column":null}},"233":{"start":{"line":178,"column":16},"end":{"line":178,"column":19}},"234":{"start":{"line":178,"column":23},"end":{"line":178,"column":null}},"235":{"start":{"line":179,"column":8},"end":{"line":183,"column":null}},"236":{"start":{"line":179,"column":21},"end":{"line":179,"column":24}},"237":{"start":{"line":180,"column":10},"end":{"line":180,"column":null}},"238":{"start":{"line":181,"column":10},"end":{"line":181,"column":31}},"239":{"start":{"line":181,"column":31},"end":{"line":181,"column":null}},"240":{"start":{"line":182,"column":10},"end":{"line":182,"column":null}},"241":{"start":{"line":182,"column":29},"end":{"line":182,"column":49}},"242":{"start":{"line":182,"column":49},"end":{"line":182,"column":69}},"243":{"start":{"line":187,"column":4},"end":{"line":187,"column":null}},"244":{"start":{"line":187,"column":22},"end":{"line":187,"column":null}},"245":{"start":{"line":188,"column":16},"end":{"line":188,"column":null}},"246":{"start":{"line":189,"column":4},"end":{"line":189,"column":null}},"247":{"start":{"line":190,"column":4},"end":{"line":190,"column":null}},"248":{"start":{"line":191,"column":4},"end":{"line":191,"column":null}},"249":{"start":{"line":192,"column":4},"end":{"line":192,"column":null}},"250":{"start":{"line":193,"column":4},"end":{"line":193,"column":null}},"251":{"start":{"line":194,"column":4},"end":{"line":194,"column":null}},"252":{"start":{"line":195,"column":4},"end":{"line":195,"column":null}},"253":{"start":{"line":196,"column":4},"end":{"line":196,"column":null}},"254":{"start":{"line":200,"column":4},"end":{"line":200,"column":null}},"255":{"start":{"line":201,"column":16},"end":{"line":201,"column":null}},"256":{"start":{"line":202,"column":4},"end":{"line":202,"column":null}},"257":{"start":{"line":202,"column":28},"end":{"line":202,"column":null}},"258":{"start":{"line":203,"column":24},"end":{"line":203,"column":null}},"259":{"start":{"line":204,"column":14},"end":{"line":204,"column":null}},"260":{"start":{"line":205,"column":12},"end":{"line":205,"column":15}},"261":{"start":{"line":205,"column":19},"end":{"line":205,"column":22}},"262":{"start":{"line":205,"column":26},"end":{"line":205,"column":29}},"263":{"start":{"line":205,"column":33},"end":{"line":205,"column":null}},"264":{"start":{"line":206,"column":4},"end":{"line":206,"column":null}},"265":{"start":{"line":206,"column":17},"end":{"line":206,"column":20}},"266":{"start":{"line":206,"column":44},"end":{"line":206,"column":73}},"267":{"start":{"line":206,"column":63},"end":{"line":206,"column":73}},"268":{"start":{"line":206,"column":73},"end":{"line":206,"column":84}},"269":{"start":{"line":206,"column":84},"end":{"line":206,"column":99}},"270":{"start":{"line":206,"column":99},"end":{"line":206,"column":114}},"271":{"start":{"line":206,"column":114},"end":{"line":206,"column":119}},"272":{"start":{"line":207,"column":4},"end":{"line":207,"column":null}},"273":{"start":{"line":208,"column":16},"end":{"line":208,"column":null}},"274":{"start":{"line":209,"column":4},"end":{"line":209,"column":null}},"275":{"start":{"line":210,"column":4},"end":{"line":210,"column":null}},"276":{"start":{"line":214,"column":4},"end":{"line":214,"column":null}},"277":{"start":{"line":214,"column":32},"end":{"line":214,"column":null}},"278":{"start":{"line":215,"column":16},"end":{"line":215,"column":null}},"279":{"start":{"line":216,"column":14},"end":{"line":216,"column":null}},"280":{"start":{"line":217,"column":4},"end":{"line":217,"column":null}},"281":{"start":{"line":218,"column":14},"end":{"line":218,"column":null}},"282":{"start":{"line":219,"column":4},"end":{"line":219,"column":null}},"283":{"start":{"line":221,"column":4},"end":{"line":279,"column":null}},"284":{"start":{"line":222,"column":17},"end":{"line":222,"column":null}},"285":{"start":{"line":223,"column":17},"end":{"line":223,"column":null}},"286":{"start":{"line":224,"column":17},"end":{"line":224,"column":null}},"287":{"start":{"line":225,"column":6},"end":{"line":239,"column":null}},"288":{"start":{"line":226,"column":28},"end":{"line":226,"column":null}},"289":{"start":{"line":227,"column":8},"end":{"line":227,"column":null}},"290":{"start":{"line":229,"column":20},"end":{"line":229,"column":43}},"291":{"start":{"line":229,"column":50},"end":{"line":229,"column":74}},"292":{"start":{"line":229,"column":82},"end":{"line":229,"column":null}},"293":{"start":{"line":230,"column":19},"end":{"line":230,"column":23}},"294":{"start":{"line":230,"column":28},"end":{"line":230,"column":32}},"295":{"start":{"line":230,"column":36},"end":{"line":230,"column":40}},"296":{"start":{"line":230,"column":44},"end":{"line":230,"column":null}},"297":{"start":{"line":231,"column":8},"end":{"line":231,"column":null}},"298":{"start":{"line":232,"column":8},"end":{"line":232,"column":23}},"299":{"start":{"line":232,"column":23},"end":{"line":232,"column":53}},"300":{"start":{"line":232,"column":53},"end":{"line":232,"column":83}},"301":{"start":{"line":232,"column":83},"end":{"line":232,"column":105}},"302":{"start":{"line":232,"column":105},"end":{"line":232,"column":135}},"303":{"start":{"line":232,"column":135},"end":{"line":232,"column":150}},"304":{"start":{"line":232,"column":150},"end":{"line":232,"column":null}},"305":{"start":{"line":233,"column":8},"end":{"line":233,"column":null}},"306":{"start":{"line":234,"column":8},"end":{"line":234,"column":23}},"307":{"start":{"line":234,"column":23},"end":{"line":234,"column":53}},"308":{"start":{"line":234,"column":53},"end":{"line":234,"column":75}},"309":{"start":{"line":234,"column":75},"end":{"line":234,"column":101}},"310":{"start":{"line":234,"column":101},"end":{"line":234,"column":127}},"311":{"start":{"line":234,"column":127},"end":{"line":234,"column":142}},"312":{"start":{"line":234,"column":142},"end":{"line":234,"column":null}},"313":{"start":{"line":235,"column":8},"end":{"line":235,"column":null}},"314":{"start":{"line":236,"column":8},"end":{"line":236,"column":23}},"315":{"start":{"line":236,"column":23},"end":{"line":236,"column":53}},"316":{"start":{"line":236,"column":53},"end":{"line":236,"column":75}},"317":{"start":{"line":236,"column":75},"end":{"line":236,"column":101}},"318":{"start":{"line":236,"column":101},"end":{"line":236,"column":127}},"319":{"start":{"line":236,"column":127},"end":{"line":236,"column":142}},"320":{"start":{"line":236,"column":142},"end":{"line":236,"column":null}},"321":{"start":{"line":237,"column":8},"end":{"line":237,"column":50}},"322":{"start":{"line":237,"column":50},"end":{"line":237,"column":null}},"323":{"start":{"line":238,"column":8},"end":{"line":238,"column":23}},"324":{"start":{"line":238,"column":23},"end":{"line":238,"column":53}},"325":{"start":{"line":238,"column":53},"end":{"line":238,"column":83}},"326":{"start":{"line":238,"column":83},"end":{"line":238,"column":105}},"327":{"start":{"line":238,"column":105},"end":{"line":238,"column":135}},"328":{"start":{"line":238,"column":135},"end":{"line":238,"column":150}},"329":{"start":{"line":238,"column":150},"end":{"line":238,"column":null}},"330":{"start":{"line":240,"column":11},"end":{"line":279,"column":null}},"331":{"start":{"line":241,"column":6},"end":{"line":241,"column":null}},"332":{"start":{"line":242,"column":6},"end":{"line":242,"column":null}},"333":{"start":{"line":243,"column":6},"end":{"line":243,"column":null}},"334":{"start":{"line":244,"column":6},"end":{"line":244,"column":21}},"335":{"start":{"line":244,"column":21},"end":{"line":244,"column":38}},"336":{"start":{"line":244,"column":38},"end":{"line":244,"column":56}},"337":{"start":{"line":244,"column":56},"end":{"line":244,"column":74}},"338":{"start":{"line":244,"column":74},"end":{"line":244,"column":91}},"339":{"start":{"line":244,"column":91},"end":{"line":244,"column":null}},"340":{"start":{"line":245,"column":6},"end":{"line":245,"column":16}},"341":{"start":{"line":245,"column":16},"end":{"line":245,"column":null}},"342":{"start":{"line":246,"column":6},"end":{"line":246,"column":null}},"343":{"start":{"line":247,"column":6},"end":{"line":247,"column":null}},"344":{"start":{"line":248,"column":6},"end":{"line":248,"column":30}},"345":{"start":{"line":248,"column":30},"end":{"line":248,"column":null}},"346":{"start":{"line":249,"column":6},"end":{"line":249,"column":null}},"347":{"start":{"line":251,"column":16},"end":{"line":251,"column":28}},"348":{"start":{"line":251,"column":34},"end":{"line":251,"column":null}},"349":{"start":{"line":252,"column":6},"end":{"line":252,"column":27}},"350":{"start":{"line":252,"column":27},"end":{"line":252,"column":46}},"351":{"start":{"line":252,"column":46},"end":{"line":252,"column":null}},"352":{"start":{"line":253,"column":6},"end":{"line":278,"column":null}},"353":{"start":{"line":254,"column":8},"end":{"line":254,"column":null}},"354":{"start":{"line":254,"column":21},"end":{"line":254,"column":24}},"355":{"start":{"line":254,"column":38},"end":{"line":254,"column":82}},"356":{"start":{"line":255,"column":13},"end":{"line":278,"column":null}},"357":{"start":{"line":256,"column":8},"end":{"line":256,"column":null}},"358":{"start":{"line":257,"column":8},"end":{"line":257,"column":null}},"359":{"start":{"line":257,"column":21},"end":{"line":257,"column":24}},"360":{"start":{"line":257,"column":52},"end":{"line":257,"column":65}},"361":{"start":{"line":257,"column":70},"end":{"line":257,"column":99}},"362":{"start":{"line":257,"column":99},"end":{"line":257,"column":149}},"363":{"start":{"line":257,"column":106},"end":{"line":257,"column":130}},"364":{"start":{"line":257,"column":130},"end":{"line":257,"column":149}},"365":{"start":{"line":258,"column":8},"end":{"line":258,"column":null}},"366":{"start":{"line":259,"column":8},"end":{"line":259,"column":null}},"367":{"start":{"line":260,"column":8},"end":{"line":260,"column":null}},"368":{"start":{"line":260,"column":21},"end":{"line":260,"column":24}},"369":{"start":{"line":260,"column":52},"end":{"line":260,"column":65}},"370":{"start":{"line":260,"column":70},"end":{"line":260,"column":99}},"371":{"start":{"line":260,"column":99},"end":{"line":260,"column":149}},"372":{"start":{"line":260,"column":106},"end":{"line":260,"column":130}},"373":{"start":{"line":260,"column":130},"end":{"line":260,"column":149}},"374":{"start":{"line":261,"column":8},"end":{"line":261,"column":null}},"375":{"start":{"line":262,"column":13},"end":{"line":278,"column":null}},"376":{"start":{"line":263,"column":8},"end":{"line":263,"column":37}},"377":{"start":{"line":263,"column":37},"end":{"line":263,"column":null}},"378":{"start":{"line":264,"column":8},"end":{"line":264,"column":null}},"379":{"start":{"line":265,"column":13},"end":{"line":278,"column":null}},"380":{"start":{"line":266,"column":8},"end":{"line":266,"column":23}},"381":{"start":{"line":266,"column":23},"end":{"line":266,"column":51}},"382":{"start":{"line":266,"column":51},"end":{"line":266,"column":null}},"383":{"start":{"line":267,"column":8},"end":{"line":267,"column":23}},"384":{"start":{"line":267,"column":23},"end":{"line":267,"column":50}},"385":{"start":{"line":267,"column":50},"end":{"line":267,"column":null}},"386":{"start":{"line":268,"column":8},"end":{"line":268,"column":23}},"387":{"start":{"line":268,"column":23},"end":{"line":268,"column":40}},"388":{"start":{"line":268,"column":40},"end":{"line":268,"column":58}},"389":{"start":{"line":268,"column":58},"end":{"line":268,"column":76}},"390":{"start":{"line":268,"column":76},"end":{"line":268,"column":94}},"391":{"start":{"line":268,"column":94},"end":{"line":268,"column":111}},"392":{"start":{"line":268,"column":111},"end":{"line":268,"column":129}},"393":{"start":{"line":268,"column":129},"end":{"line":268,"column":147}},"394":{"start":{"line":268,"column":147},"end":{"line":268,"column":165}},"395":{"start":{"line":268,"column":165},"end":{"line":268,"column":null}},"396":{"start":{"line":269,"column":13},"end":{"line":278,"column":null}},"397":{"start":{"line":270,"column":8},"end":{"line":270,"column":38}},"398":{"start":{"line":270,"column":38},"end":{"line":270,"column":null}},"399":{"start":{"line":271,"column":8},"end":{"line":271,"column":23}},"400":{"start":{"line":271,"column":23},"end":{"line":271,"column":41}},"401":{"start":{"line":271,"column":41},"end":{"line":271,"column":59}},"402":{"start":{"line":271,"column":59},"end":{"line":271,"column":77}},"403":{"start":{"line":271,"column":77},"end":{"line":271,"column":95}},"404":{"start":{"line":271,"column":95},"end":{"line":271,"column":113}},"405":{"start":{"line":271,"column":113},"end":{"line":271,"column":131}},"406":{"start":{"line":271,"column":131},"end":{"line":271,"column":146}},"407":{"start":{"line":271,"column":146},"end":{"line":271,"column":null}},"408":{"start":{"line":272,"column":13},"end":{"line":278,"column":null}},"409":{"start":{"line":273,"column":8},"end":{"line":273,"column":23}},"410":{"start":{"line":273,"column":23},"end":{"line":273,"column":62}},"411":{"start":{"line":273,"column":62},"end":{"line":273,"column":null}},"412":{"start":{"line":274,"column":8},"end":{"line":274,"column":38}},"413":{"start":{"line":274,"column":38},"end":{"line":274,"column":62}},"414":{"start":{"line":274,"column":62},"end":{"line":274,"column":null}},"415":{"start":{"line":275,"column":13},"end":{"line":278,"column":null}},"416":{"start":{"line":276,"column":8},"end":{"line":276,"column":null}},"417":{"start":{"line":277,"column":8},"end":{"line":277,"column":35}},"418":{"start":{"line":277,"column":35},"end":{"line":277,"column":null}},"419":{"start":{"line":280,"column":16},"end":{"line":280,"column":null}},"420":{"start":{"line":281,"column":4},"end":{"line":281,"column":null}},"421":{"start":{"line":282,"column":4},"end":{"line":282,"column":null}}},"fnMap":{"0":{"name":"constructor","decl":{"start":{"line":14,"column":2},"end":{"line":14,"column":16}},"loc":{"start":{"line":14,"column":16},"end":{"line":23,"column":null}},"line":14},"1":{"name":"tileRect","decl":{"start":{"line":25,"column":2},"end":{"line":25,"column":11}},"loc":{"start":{"line":25,"column":56},"end":{"line":28,"column":null}},"line":25},"2":{"name":"uv","decl":{"start":{"line":30,"column":2},"end":{"line":30,"column":5}},"loc":{"start":{"line":30,"column":50},"end":{"line":35,"column":null}},"line":30},"3":{"name":"build","decl":{"start":{"line":37,"column":2},"end":{"line":37,"column":8}},"loc":{"start":{"line":37,"column":57},"end":{"line":197,"column":null}},"line":37},"4":{"name":"(anonymous_4)","decl":{"start":{"line":42,"column":10},"end":{"line":42,"column":18}},"loc":{"start":{"line":42,"column":94},"end":{"line":48,"column":null}},"line":42},"5":{"name":"(anonymous_5)","decl":{"start":{"line":46,"column":6},"end":{"line":46,"column":10}},"loc":{"start":{"line":46,"column":46},"end":{"line":46,"column":94}},"line":46},"6":{"name":"(anonymous_6)","decl":{"start":{"line":49,"column":10},"end":{"line":49,"column":23}},"loc":{"start":{"line":49,"column":117},"end":{"line":54,"column":null}},"line":49},"7":{"name":"(anonymous_7)","decl":{"start":{"line":56,"column":11},"end":{"line":56,"column":22}},"loc":{"start":{"line":56,"column":27},"end":{"line":60,"column":5}},"line":56},"8":{"name":"(anonymous_8)","decl":{"start":{"line":61,"column":11},"end":{"line":61,"column":17}},"loc":{"start":{"line":61,"column":22},"end":{"line":64,"column":5}},"line":61},"9":{"name":"(anonymous_9)","decl":{"start":{"line":65,"column":11},"end":{"line":65,"column":23}},"loc":{"start":{"line":65,"column":28},"end":{"line":71,"column":5}},"line":65},"10":{"name":"(anonymous_10)","decl":{"start":{"line":72,"column":11},"end":{"line":72,"column":18}},"loc":{"start":{"line":72,"column":23},"end":{"line":75,"column":5}},"line":72},"11":{"name":"(anonymous_11)","decl":{"start":{"line":76,"column":11},"end":{"line":76,"column":17}},"loc":{"start":{"line":76,"column":22},"end":{"line":79,"column":5}},"line":76},"12":{"name":"(anonymous_12)","decl":{"start":{"line":80,"column":11},"end":{"line":80,"column":16}},"loc":{"start":{"line":80,"column":21},"end":{"line":85,"column":5}},"line":80},"13":{"name":"(anonymous_13)","decl":{"start":{"line":86,"column":11},"end":{"line":86,"column":20}},"loc":{"start":{"line":86,"column":25},"end":{"line":92,"column":5}},"line":86},"14":{"name":"(anonymous_14)","decl":{"start":{"line":93,"column":11},"end":{"line":93,"column":19}},"loc":{"start":{"line":93,"column":24},"end":{"line":96,"column":5}},"line":93},"15":{"name":"(anonymous_15)","decl":{"start":{"line":97,"column":11},"end":{"line":97,"column":19}},"loc":{"start":{"line":97,"column":24},"end":{"line":105,"column":5}},"line":97},"16":{"name":"(anonymous_16)","decl":{"start":{"line":106,"column":11},"end":{"line":106,"column":18}},"loc":{"start":{"line":106,"column":23},"end":{"line":109,"column":5}},"line":106},"17":{"name":"(anonymous_17)","decl":{"start":{"line":110,"column":11},"end":{"line":110,"column":18}},"loc":{"start":{"line":110,"column":23},"end":{"line":115,"column":5}},"line":110},"18":{"name":"(anonymous_18)","decl":{"start":{"line":116,"column":11},"end":{"line":116,"column":17}},"loc":{"start":{"line":116,"column":22},"end":{"line":120,"column":5}},"line":116},"19":{"name":"(anonymous_19)","decl":{"start":{"line":121,"column":11},"end":{"line":121,"column":18}},"loc":{"start":{"line":121,"column":23},"end":{"line":125,"column":5}},"line":121},"20":{"name":"(anonymous_20)","decl":{"start":{"line":127,"column":10},"end":{"line":127,"column":23}},"loc":{"start":{"line":127,"column":99},"end":{"line":127,"column":null}},"line":127},"21":{"name":"(anonymous_21)","decl":{"start":{"line":128,"column":16},"end":{"line":128,"column":22}},"loc":{"start":{"line":128,"column":27},"end":{"line":133,"column":5}},"line":128},"22":{"name":"(anonymous_22)","decl":{"start":{"line":134,"column":16},"end":{"line":134,"column":23}},"loc":{"start":{"line":134,"column":28},"end":{"line":142,"column":5}},"line":134},"23":{"name":"(anonymous_23)","decl":{"start":{"line":143,"column":16},"end":{"line":143,"column":20}},"loc":{"start":{"line":143,"column":25},"end":{"line":148,"column":5}},"line":143},"24":{"name":"(anonymous_24)","decl":{"start":{"line":149,"column":16},"end":{"line":149,"column":19}},"loc":{"start":{"line":149,"column":24},"end":{"line":155,"column":5}},"line":149},"25":{"name":"(anonymous_25)","decl":{"start":{"line":150,"column":12},"end":{"line":150,"column":21}},"loc":{"start":{"line":150,"column":83},"end":{"line":152,"column":null}},"line":150},"26":{"name":"(anonymous_26)","decl":{"start":{"line":156,"column":16},"end":{"line":156,"column":20}},"loc":{"start":{"line":156,"column":25},"end":{"line":161,"column":5}},"line":156},"27":{"name":"(anonymous_27)","decl":{"start":{"line":162,"column":11},"end":{"line":162,"column":20}},"loc":{"start":{"line":162,"column":25},"end":{"line":165,"column":5}},"line":162},"28":{"name":"(anonymous_28)","decl":{"start":{"line":166,"column":11},"end":{"line":166,"column":19}},"loc":{"start":{"line":166,"column":24},"end":{"line":169,"column":5}},"line":166},"29":{"name":"(anonymous_29)","decl":{"start":{"line":170,"column":11},"end":{"line":170,"column":20}},"loc":{"start":{"line":170,"column":25},"end":{"line":173,"column":5}},"line":170},"30":{"name":"(anonymous_30)","decl":{"start":{"line":176,"column":22},"end":{"line":176,"column":25}},"loc":{"start":{"line":176,"column":30},"end":{"line":184,"column":7}},"line":176},"31":{"name":"tileAvg","decl":{"start":{"line":199,"column":2},"end":{"line":199,"column":10}},"loc":{"start":{"line":199,"column":40},"end":{"line":211,"column":null}},"line":199},"32":{"name":"icon","decl":{"start":{"line":213,"column":2},"end":{"line":213,"column":7}},"loc":{"start":{"line":213,"column":31},"end":{"line":283,"column":null}},"line":213}},"branchMap":{"0":{"loc":{"start":{"line":51,"column":8},"end":{"line":51,"column":null}},"type":"if","locations":[{"start":{"line":51,"column":8},"end":{"line":51,"column":null}},{"start":{},"end":{}}],"line":51},"1":{"loc":{"start":{"line":51,"column":12},"end":{"line":51,"column":36}},"type":"binary-expr","locations":[{"start":{"line":51,"column":12},"end":{"line":51,"column":21}},{"start":{"line":51,"column":21},"end":{"line":51,"column":36}}],"line":51},"2":{"loc":{"start":{"line":69,"column":51},"end":{"line":69,"column":89}},"type":"cond-expr","locations":[{"start":{"line":69,"column":63},"end":{"line":69,"column":75}},{"start":{"line":69,"column":75},"end":{"line":69,"column":89}}],"line":69},"3":{"loc":{"start":{"line":82,"column":19},"end":{"line":82,"column":null}},"type":"cond-expr","locations":[{"start":{"line":82,"column":34},"end":{"line":82,"column":60}},{"start":{"line":82,"column":60},"end":{"line":82,"column":null}}],"line":82},"4":{"loc":{"start":{"line":90,"column":8},"end":{"line":90,"column":null}},"type":"if","locations":[{"start":{"line":90,"column":8},"end":{"line":90,"column":null}},{"start":{},"end":{}}],"line":90},"5":{"loc":{"start":{"line":90,"column":12},"end":{"line":90,"column":50}},"type":"binary-expr","locations":[{"start":{"line":90,"column":12},"end":{"line":90,"column":22}},{"start":{"line":90,"column":22},"end":{"line":90,"column":32}},{"start":{"line":90,"column":32},"end":{"line":90,"column":42}},{"start":{"line":90,"column":42},"end":{"line":90,"column":50}}],"line":90},"6":{"loc":{"start":{"line":95,"column":76},"end":{"line":95,"column":108}},"type":"binary-expr","locations":[{"start":{"line":95,"column":76},"end":{"line":95,"column":93}},{"start":{"line":95,"column":93},"end":{"line":95,"column":108}}],"line":95},"7":{"loc":{"start":{"line":101,"column":8},"end":{"line":101,"column":null}},"type":"if","locations":[{"start":{"line":101,"column":8},"end":{"line":101,"column":null}},{"start":{},"end":{}}],"line":101},"8":{"loc":{"start":{"line":102,"column":8},"end":{"line":102,"column":null}},"type":"if","locations":[{"start":{"line":102,"column":8},"end":{"line":102,"column":null}},{"start":{},"end":{}}],"line":102},"9":{"loc":{"start":{"line":102,"column":13},"end":{"line":102,"column":123}},"type":"binary-expr","locations":[{"start":{"line":102,"column":13},"end":{"line":102,"column":22}},{"start":{"line":102,"column":22},"end":{"line":102,"column":35}},{"start":{"line":102,"column":35},"end":{"line":102,"column":45}},{"start":{"line":102,"column":45},"end":{"line":102,"column":54}},{"start":{"line":102,"column":54},"end":{"line":102,"column":68}},{"start":{"line":102,"column":68},"end":{"line":102,"column":78}},{"start":{"line":102,"column":78},"end":{"line":102,"column":88}},{"start":{"line":102,"column":88},"end":{"line":102,"column":101}},{"start":{"line":102,"column":101},"end":{"line":102,"column":112}},{"start":{"line":102,"column":112},"end":{"line":102,"column":123}}],"line":102},"10":{"loc":{"start":{"line":122,"column":16},"end":{"line":122,"column":null}},"type":"binary-expr","locations":[{"start":{"line":122,"column":16},"end":{"line":122,"column":29}},{"start":{"line":122,"column":29},"end":{"line":122,"column":null}}],"line":122},"11":{"loc":{"start":{"line":131,"column":43},"end":{"line":131,"column":99}},"type":"cond-expr","locations":[{"start":{"line":131,"column":71},"end":{"line":131,"column":95}},{"start":{"line":131,"column":95},"end":{"line":131,"column":99}}],"line":131},"12":{"loc":{"start":{"line":131,"column":43},"end":{"line":131,"column":71}},"type":"binary-expr","locations":[{"start":{"line":131,"column":43},"end":{"line":131,"column":56}},{"start":{"line":131,"column":56},"end":{"line":131,"column":71}}],"line":131},"13":{"loc":{"start":{"line":131,"column":71},"end":{"line":131,"column":95}},"type":"cond-expr","locations":[{"start":{"line":131,"column":85},"end":{"line":131,"column":89}},{"start":{"line":131,"column":89},"end":{"line":131,"column":95}}],"line":131},"14":{"loc":{"start":{"line":136,"column":16},"end":{"line":136,"column":null}},"type":"binary-expr","locations":[{"start":{"line":136,"column":16},"end":{"line":136,"column":33}},{"start":{"line":136,"column":33},"end":{"line":136,"column":null}}],"line":136},"15":{"loc":{"start":{"line":151,"column":52},"end":{"line":151,"column":71}},"type":"cond-expr","locations":[{"start":{"line":151,"column":64},"end":{"line":151,"column":69}},{"start":{"line":151,"column":69},"end":{"line":151,"column":71}}],"line":151},"16":{"loc":{"start":{"line":151,"column":74},"end":{"line":151,"column":126}},"type":"if","locations":[{"start":{"line":151,"column":74},"end":{"line":151,"column":126}},{"start":{},"end":{}}],"line":151},"17":{"loc":{"start":{"line":164,"column":103},"end":{"line":164,"column":144}},"type":"if","locations":[{"start":{"line":164,"column":103},"end":{"line":164,"column":144}},{"start":{},"end":{}}],"line":164},"18":{"loc":{"start":{"line":168,"column":127},"end":{"line":168,"column":168}},"type":"if","locations":[{"start":{"line":168,"column":127},"end":{"line":168,"column":168}},{"start":{},"end":{}}],"line":168},"19":{"loc":{"start":{"line":182,"column":10},"end":{"line":182,"column":null}},"type":"if","locations":[{"start":{"line":182,"column":10},"end":{"line":182,"column":null}},{"start":{},"end":{}}],"line":182},"20":{"loc":{"start":{"line":187,"column":4},"end":{"line":187,"column":null}},"type":"if","locations":[{"start":{"line":187,"column":4},"end":{"line":187,"column":null}},{"start":{},"end":{}}],"line":187},"21":{"loc":{"start":{"line":200,"column":20},"end":{"line":200,"column":null}},"type":"binary-expr","locations":[{"start":{"line":200,"column":20},"end":{"line":200,"column":37}},{"start":{"line":200,"column":37},"end":{"line":200,"column":null}}],"line":200},"22":{"loc":{"start":{"line":202,"column":4},"end":{"line":202,"column":null}},"type":"if","locations":[{"start":{"line":202,"column":4},"end":{"line":202,"column":null}},{"start":{},"end":{}}],"line":202},"23":{"loc":{"start":{"line":206,"column":44},"end":{"line":206,"column":73}},"type":"if","locations":[{"start":{"line":206,"column":44},"end":{"line":206,"column":73}},{"start":{},"end":{}}],"line":206},"24":{"loc":{"start":{"line":214,"column":4},"end":{"line":214,"column":null}},"type":"if","locations":[{"start":{"line":214,"column":4},"end":{"line":214,"column":null}},{"start":{},"end":{}}],"line":214},"25":{"loc":{"start":{"line":221,"column":4},"end":{"line":279,"column":null}},"type":"if","locations":[{"start":{"line":221,"column":4},"end":{"line":279,"column":null}},{"start":{"line":240,"column":11},"end":{"line":279,"column":null}}],"line":221},"26":{"loc":{"start":{"line":223,"column":17},"end":{"line":223,"column":null}},"type":"cond-expr","locations":[{"start":{"line":223,"column":47},"end":{"line":223,"column":63}},{"start":{"line":223,"column":63},"end":{"line":223,"column":null}}],"line":223},"27":{"loc":{"start":{"line":224,"column":17},"end":{"line":224,"column":null}},"type":"cond-expr","locations":[{"start":{"line":224,"column":48},"end":{"line":224,"column":65}},{"start":{"line":224,"column":65},"end":{"line":224,"column":null}}],"line":224},"28":{"loc":{"start":{"line":225,"column":6},"end":{"line":239,"column":null}},"type":"if","locations":[{"start":{"line":225,"column":6},"end":{"line":239,"column":null}},{"start":{"line":228,"column":13},"end":{"line":239,"column":null}}],"line":225},"29":{"loc":{"start":{"line":240,"column":11},"end":{"line":279,"column":null}},"type":"if","locations":[{"start":{"line":240,"column":11},"end":{"line":279,"column":null}},{"start":{"line":250,"column":11},"end":{"line":279,"column":null}}],"line":240},"30":{"loc":{"start":{"line":247,"column":25},"end":{"line":247,"column":57}},"type":"cond-expr","locations":[{"start":{"line":247,"column":46},"end":{"line":247,"column":51}},{"start":{"line":247,"column":51},"end":{"line":247,"column":57}}],"line":247},"31":{"loc":{"start":{"line":251,"column":34},"end":{"line":251,"column":null}},"type":"binary-expr","locations":[{"start":{"line":251,"column":34},"end":{"line":251,"column":45}},{"start":{"line":251,"column":45},"end":{"line":251,"column":null}}],"line":251},"32":{"loc":{"start":{"line":253,"column":6},"end":{"line":278,"column":null}},"type":"if","locations":[{"start":{"line":253,"column":6},"end":{"line":278,"column":null}},{"start":{"line":255,"column":13},"end":{"line":278,"column":null}}],"line":253},"33":{"loc":{"start":{"line":255,"column":13},"end":{"line":278,"column":null}},"type":"if","locations":[{"start":{"line":255,"column":13},"end":{"line":278,"column":null}},{"start":{"line":262,"column":13},"end":{"line":278,"column":null}}],"line":255},"34":{"loc":{"start":{"line":257,"column":99},"end":{"line":257,"column":149}},"type":"if","locations":[{"start":{"line":257,"column":99},"end":{"line":257,"column":149}},{"start":{"line":257,"column":130},"end":{"line":257,"column":149}}],"line":257},"35":{"loc":{"start":{"line":260,"column":99},"end":{"line":260,"column":149}},"type":"if","locations":[{"start":{"line":260,"column":99},"end":{"line":260,"column":149}},{"start":{"line":260,"column":130},"end":{"line":260,"column":149}}],"line":260},"36":{"loc":{"start":{"line":262,"column":13},"end":{"line":278,"column":null}},"type":"if","locations":[{"start":{"line":262,"column":13},"end":{"line":278,"column":null}},{"start":{"line":265,"column":13},"end":{"line":278,"column":null}}],"line":262},"37":{"loc":{"start":{"line":265,"column":13},"end":{"line":278,"column":null}},"type":"if","locations":[{"start":{"line":265,"column":13},"end":{"line":278,"column":null}},{"start":{"line":269,"column":13},"end":{"line":278,"column":null}}],"line":265},"38":{"loc":{"start":{"line":269,"column":13},"end":{"line":278,"column":null}},"type":"if","locations":[{"start":{"line":269,"column":13},"end":{"line":278,"column":null}},{"start":{"line":272,"column":13},"end":{"line":278,"column":null}}],"line":269},"39":{"loc":{"start":{"line":272,"column":13},"end":{"line":278,"column":null}},"type":"if","locations":[{"start":{"line":272,"column":13},"end":{"line":278,"column":null}},{"start":{"line":275,"column":13},"end":{"line":278,"column":null}}],"line":272},"40":{"loc":{"start":{"line":275,"column":13},"end":{"line":278,"column":null}},"type":"if","locations":[{"start":{"line":275,"column":13},"end":{"line":278,"column":null}},{"start":{},"end":{}}],"line":275}},"s":{"0":0,"1":0,"2":0,"3":0,"4":0,"5":0,"6":0,"7":0,"8":0,"9":0,"10":0,"11":0,"12":0,"13":0,"14":0,"15":0,"16":0,"17":0,"18":0,"19":0,"20":0,"21":0,"22":0,"23":0,"24":0,"25":0,"26":0,"27":0,"28":0,"29":0,"30":0,"31":0,"32":0,"33":0,"34":0,"35":0,"36":0,"37":0,"38":0,"39":0,"40":0,"41":0,"42":0,"43":0,"44":0,"45":0,"46":0,"47":0,"48":0,"49":0,"50":0,"51":0,"52":0,"53":0,"54":0,"55":0,"56":0,"57":0,"58":0,"59":0,"60":0,"61":0,"62":0,"63":0,"64":0,"65":0,"66":0,"67":0,"68":0,"69":0,"70":0,"71":0,"72":0,"73":0,"74":0,"75":0,"76":0,"77":0,"78":0,"79":0,"80":0,"81":0,"82":0,"83":0,"84":0,"85":0,"86":0,"87":0,"88":0,"89":0,"90":0,"91":0,"92":0,"93":0,"94":0,"95":0,"96":0,"97":0,"98":0,"99":0,"100":0,"101":0,"102":0,"103":0,"104":0,"105":0,"106":0,"107":0,"108":0,"109":0,"110":0,"111":0,"112":0,"113":0,"114":0,"115":0,"116":0,"117":0,"118":0,"119":0,"120":0,"121":0,"122":0,"123":0,"124":0,"125":0,"126":0,"127":0,"128":0,"129":0,"130":0,"131":0,"132":0,"133":0,"134":0,"135":0,"136":0,"137":0,"138":0,"139":0,"140":0,"141":0,"142":0,"143":0,"144":0,"145":0,"146":0,"147":0,"148":0,"149":0,"150":0,"151":0,"152":0,"153":0,"154":0,"155":0,"156":0,"157":0,"158":0,"159":0,"160":0,"161":0,"162":0,"163":0,"164":0,"165":0,"166":0,"167":0,"168":0,"169":0,"170":0,"171":0,"172":0,"173":0,"174":0,"175":0,"176":0,"177":0,"178":0,"179":0,"180":0,"181":0,"182":0,"183":0,"184":0,"185":0,"186":0,"187":0,"188":0,"189":0,"190":0,"191":0,"192":0,"193":0,"194":0,"195":0,"196":0,"197":0,"198":0,"199":0,"200":0,"201":0,"202":0,"203":0,"204":0,"205":0,"206":0,"207":0,"208":0,"209":0,"210":0,"211":0,"212":0,"213":0,"214":0,"215":0,"216":0,"217":0,"218":0,"219":0,"220":0,"221":0,"222":0,"223":0,"224":0,"225":0,"226":0,"227":0,"228":0,"229":0,"230":0,"231":0,"232":0,"233":0,"234":0,"235":0,"236":0,"237":0,"238":0,"239":0,"240":0,"241":0,"242":0,"243":0,"244":0,"245":0,"246":0,"247":0,"248":0,"249":0,"250":0,"251":0,"252":0,"253":0,"254":0,"255":0,"256":0,"257":0,"258":0,"259":0,"260":0,"261":0,"262":0,"263":0,"264":0,"265":0,"266":0,"267":0,"268":0,"269":0,"270":0,"271":0,"272":0,"273":0,"274":0,"275":0,"276":0,"277":0,"278":0,"279":0,"280":0,"281":0,"282":0,"283":0,"284":0,"285":0,"286":0,"287":0,"288":0,"289":0,"290":0,"291":0,"292":0,"293":0,"294":0,"295":0,"296":0,"297":0,"298":0,"299":0,"300":0,"301":0,"302":0,"303":0,"304":0,"305":0,"306":0,"307":0,"308":0,"309":0,"310":0,"311":0,"312":0,"313":0,"314":0,"315":0,"316":0,"317":0,"318":0,"319":0,"320":0,"321":0,"322":0,"323":0,"324":0,"325":0,"326":0,"327":0,"328":0,"329":0,"330":0,"331":0,"332":0,"333":0,"334":0,"335":0,"336":0,"337":0,"338":0,"339":0,"340":0,"341":0,"342":0,"343":0,"344":0,"345":0,"346":0,"347":0,"348":0,"349":0,"350":0,"351":0,"352":0,"353":0,"354":0,"355":0,"356":0,"357":0,"358":0,"359":0,"360":0,"361":0,"362":0,"363":0,"364":0,"365":0,"366":0,"367":0,"368":0,"369":0,"370":0,"371":0,"372":0,"373":0,"374":0,"375":0,"376":0,"377":0,"378":0,"379":0,"380":0,"381":0,"382":0,"383":0,"384":0,"385":0,"386":0,"387":0,"388":0,"389":0,"390":0,"391":0,"392":0,"393":0,"394":0,"395":0,"396":0,"397":0,"398":0,"399":0,"400":0,"401":0,"402":0,"403":0,"404":0,"405":0,"406":0,"407":0,"408":0,"409":0,"410":0,"411":0,"412":0,"413":0,"414":0,"415":0,"416":0,"417":0,"418":0,"419":0,"420":0,"421":0},"f":{"0":0,"1":0,"2":0,"3":0,"4":0,"5":0,"6":0,"7":0,"8":0,"9":0,"10":0,"11":0,"12":0,"13":0,"14":0,"15":0,"16":0,"17":0,"18":0,"19":0,"20":0,"21":0,"22":0,"23":0,"24":0,"25":0,"26":0,"27":0,"28":0,"29":0,"30":0,"31":0,"32":0},"b":{"0":[0,0],"1":[0,0],"2":[0,0],"3":[0,0],"4":[0,0],"5":[0,0,0,0],"6":[0,0],"7":[0,0],"8":[0,0],"9":[0,0,0,0,0,0,0,0,0,0],"10":[0,0],"11":[0,0],"12":[0,0],"13":[0,0],"14":[0,0],"15":[0,0],"16":[0,0],"17":[0,0],"18":[0,0],"19":[0,0],"20":[0,0],"21":[0,0],"22":[0,0],"23":[0,0],"24":[0,0],"25":[0,0],"26":[0,0],"27":[0,0],"28":[0,0],"29":[0,0],"30":[0,0],"31":[0,0],"32":[0,0],"33":[0,0],"34":[0,0],"35":[0,0],"36":[0,0],"37":[0,0],"38":[0,0],"39":[0,0],"40":[0,0]},"meta":{"lastBranch":41,"lastFunction":33,"lastStatement":422,"seen":{"f:14:2:14:16":0,"s:15:4:15:Infinity":0,"s:16:4:16:Infinity":1,"s:17:4:17:Infinity":2,"s:18:4:18:Infinity":3,"s:19:4:19:Infinity":4,"s:20:4:20:Infinity":5,"s:21:4:21:Infinity":6,"s:22:4:22:Infinity":7,"f:25:2:25:11":1,"s:26:14:26:Infinity":8,"s:27:4:27:Infinity":9,"f:30:2:30:5":2,"s:31:14:31:Infinity":10,"s:32:15:32:35":11,"s:32:39:32:Infinity":12,"s:33:14:33:Infinity":13,"s:34:4:34:Infinity":14,"f:37:2:37:8":3,"s:38:16:38:26":15,"s:38:31:38:Infinity":16,"s:39:4:39:Infinity":17,"s:40:16:40:Infinity":18,"s:42:10:48:Infinity":19,"f:42:10:42:18":4,"s:43:23:43:Infinity":20,"s:44:6:44:Infinity":21,"s:45:6:45:Infinity":22,"s:46:6:46:Infinity":23,"f:46:6:46:10":5,"s:46:48:46:67":24,"s:46:67:46:93":25,"s:47:6:47:Infinity":26,"s:49:10:54:Infinity":27,"f:49:10:49:23":6,"s:50:6:53:Infinity":28,"s:50:19:50:22":29,"s:50:35:53:Infinity":30,"s:50:48:50:51":31,"b:51:8:51:Infinity:undefined:undefined:undefined:undefined":0,"s:51:8:51:Infinity":32,"b:51:12:51:21:51:21:51:36":1,"s:51:36:51:Infinity":33,"s:52:8:52:Infinity":34,"s:56:4:60:Infinity":35,"f:56:11:56:22":7,"s:57:6:57:Infinity":36,"s:58:6:58:Infinity":37,"s:58:19:58:22":38,"s:58:35:58:Infinity":39,"s:59:6:59:Infinity":40,"s:59:19:59:22":41,"s:59:34:59:Infinity":42,"s:61:4:64:Infinity":43,"f:61:11:61:17":8,"s:62:6:62:Infinity":44,"s:63:6:63:Infinity":45,"s:63:19:63:22":46,"s:63:35:63:Infinity":47,"s:65:4:71:Infinity":48,"f:65:11:65:23":9,"s:66:6:66:Infinity":49,"s:67:6:70:Infinity":50,"s:67:19:67:22":51,"s:68:18:68:Infinity":52,"s:69:8:69:Infinity":53,"s:69:21:69:24":54,"s:69:36:69:Infinity":55,"b:69:63:69:75:69:75:69:89":2,"s:72:4:75:Infinity":56,"f:72:11:72:18":10,"s:73:6:73:Infinity":57,"s:74:6:74:Infinity":58,"s:74:19:74:22":59,"s:74:46:74:62":60,"s:74:66:74:82":61,"s:74:82:74:102":62,"s:74:102:74:126":63,"s:76:4:79:Infinity":64,"f:76:11:76:17":11,"s:77:6:77:Infinity":65,"s:78:6:78:Infinity":66,"s:78:19:78:22":67,"s:78:34:78:Infinity":68,"s:80:4:85:Infinity":69,"f:80:11:80:16":12,"s:81:6:84:Infinity":70,"s:81:19:81:22":71,"s:82:19:82:Infinity":72,"b:82:34:82:60:82:60:82:Infinity":3,"s:83:8:83:Infinity":73,"s:83:21:83:24":74,"s:83:37:83:Infinity":75,"s:86:4:92:Infinity":76,"f:86:11:86:20":13,"s:87:6:87:Infinity":77,"s:88:6:91:Infinity":78,"s:88:19:88:22":79,"s:88:37:91:Infinity":80,"s:88:50:88:53":81,"s:89:18:89:57":82,"s:89:61:89:Infinity":83,"b:90:8:90:Infinity:undefined:undefined:undefined:undefined":4,"s:90:8:90:Infinity":84,"b:90:12:90:22:90:22:90:32:90:32:90:42:90:42:90:50":5,"s:90:50:90:Infinity":85,"s:93:4:96:Infinity":86,"f:93:11:93:19":14,"s:94:6:94:Infinity":87,"s:95:6:95:Infinity":88,"s:95:19:95:22":89,"s:95:35:95:Infinity":90,"b:95:76:95:93:95:93:95:108":6,"s:97:4:105:Infinity":91,"f:97:11:97:19":15,"s:98:19:98:Infinity":92,"s:99:6:104:Infinity":93,"s:99:19:99:22":94,"s:99:35:104:Infinity":95,"s:99:48:99:51":96,"s:100:16:100:Infinity":97,"b:101:8:101:Infinity:undefined:undefined:undefined:undefined":7,"s:101:8:101:Infinity":98,"s:101:25:101:Infinity":99,"b:102:8:102:Infinity:undefined:undefined:undefined:undefined":8,"s:102:8:102:Infinity":100,"b:102:13:102:22:102:22:102:35:102:35:102:45:102:45:102:54:102:54:102:68:102:68:102:78:102:78:102:88:102:88:102:101:102:101:102:112:102:112:102:123":9,"s:102:123:102:Infinity":101,"s:103:8:103:Infinity":102,"s:106:4:109:Infinity":103,"f:106:11:106:18":16,"s:107:6:107:Infinity":104,"s:107:19:107:22":105,"s:107:37:107:57":106,"s:107:57:107:78":107,"s:107:78:107:98":108,"s:107:98:107:119":109,"s:108:6:108:26":110,"s:108:26:108:46":111,"s:108:46:108:66":112,"s:108:66:108:88":113,"s:108:88:108:Infinity":114,"s:110:4:115:Infinity":115,"f:110:11:110:18":17,"s:111:6:111:Infinity":116,"s:112:6:112:Infinity":117,"s:112:19:112:22":118,"s:112:37:112:57":119,"s:112:57:112:78":120,"s:112:78:112:98":121,"s:112:98:112:119":122,"s:113:6:113:Infinity":123,"s:113:19:113:22":124,"s:113:34:113:Infinity":125,"s:114:6:114:26":126,"s:114:26:114:47":127,"s:114:47:114:68":128,"s:114:68:114:Infinity":129,"s:116:4:120:Infinity":130,"f:116:11:116:17":18,"s:117:6:117:Infinity":131,"s:118:6:118:Infinity":132,"s:118:19:118:22":133,"s:118:35:118:Infinity":134,"s:118:48:118:51":135,"s:118:64:118:Infinity":136,"s:119:6:119:Infinity":137,"s:119:19:119:22":138,"s:119:37:119:57":139,"s:119:57:119:78":140,"s:119:78:119:98":141,"s:119:98:119:119":142,"s:121:4:125:Infinity":143,"f:121:11:121:18":19,"s:122:16:122:Infinity":144,"b:122:16:122:29:122:29:122:Infinity":10,"s:123:6:123:Infinity":145,"s:124:6:124:Infinity":146,"s:124:19:124:22":147,"s:124:46:124:62":148,"s:124:66:124:82":149,"s:124:82:124:108":150,"s:124:108:124:138":151,"s:127:10:127:Infinity":152,"f:127:10:127:23":20,"s:127:99:127:Infinity":153,"s:128:4:133:Infinity":154,"f:128:16:128:22":21,"s:129:6:132:Infinity":155,"s:129:19:129:22":156,"s:130:18:130:38":157,"s:130:42:130:Infinity":158,"s:131:8:131:Infinity":159,"s:131:21:131:24":160,"s:131:36:131:Infinity":161,"b:131:71:131:95:131:95:131:99":11,"b:131:43:131:56:131:56:131:71":12,"b:131:85:131:89:131:89:131:95":13,"s:134:4:142:Infinity":162,"f:134:16:134:23":22,"s:135:6:135:Infinity":163,"s:135:19:135:22":164,"s:135:35:135:Infinity":165,"s:136:16:136:Infinity":166,"b:136:16:136:33:136:33:136:Infinity":14,"s:137:6:140:Infinity":167,"s:137:19:137:22":168,"s:138:18:138:32":169,"s:138:36:138:Infinity":170,"s:139:8:139:Infinity":171,"s:141:6:141:Infinity":172,"s:143:4:148:Infinity":173,"f:143:16:143:20":23,"s:144:6:144:Infinity":174,"s:144:19:144:22":175,"s:144:35:144:Infinity":176,"s:145:38:145:Infinity":177,"s:146:6:146:Infinity":178,"s:146:34:146:54":179,"s:146:54:146:78":180,"s:147:6:147:26":181,"s:147:26:147:46":182,"s:147:46:147:Infinity":183,"s:149:4:155:Infinity":184,"f:149:16:149:19":24,"s:150:12:152:Infinity":185,"f:150:12:150:21":25,"s:151:8:151:Infinity":186,"s:151:21:151:24":187,"s:151:38:151:74":188,"b:151:64:151:69:151:69:151:71":15,"b:151:74:151:126:undefined:undefined:undefined:undefined":16,"s:151:74:151:126":189,"s:151:89:151:126":190,"s:153:6:153:45":191,"s:153:45:153:85":192,"s:153:85:153:Infinity":193,"s:154:6:154:Infinity":194,"s:156:4:161:Infinity":195,"f:156:16:156:20":26,"s:157:6:157:Infinity":196,"s:157:19:157:22":197,"s:157:35:157:Infinity":198,"s:158:16:158:Infinity":199,"s:159:6:159:Infinity":200,"s:159:125:159:Infinity":201,"s:160:6:160:26":202,"s:160:26:160:47":203,"s:160:47:160:Infinity":204,"s:162:4:165:Infinity":205,"f:162:11:162:20":27,"s:163:6:163:Infinity":206,"s:164:6:164:Infinity":207,"s:164:19:164:22":208,"s:164:47:164:63":209,"s:164:67:164:83":210,"s:164:83:164:103":211,"b:164:103:164:144:undefined:undefined:undefined:undefined":17,"s:164:103:164:144":212,"s:164:120:164:144":213,"s:166:4:169:Infinity":214,"f:166:11:166:19":28,"s:167:6:167:Infinity":215,"s:168:6:168:Infinity":216,"s:168:19:168:22":217,"s:168:47:168:63":218,"s:168:67:168:83":219,"s:168:83:168:103":220,"s:168:103:168:127":221,"b:168:127:168:168:undef
[...]
nd":{"line":8,"column":52}},"loc":{"start":{"line":8,"column":52},"end":{"line":74,"column":1}},"line":8},"1":{"name":"addToast","decl":{"start":{"line":24,"column":11},"end":{"line":24,"column":20}},"loc":{"start":{"line":24,"column":47},"end":{"line":36,"column":null}},"line":24},"2":{"name":"(anonymous_2)","decl":{"start":{"line":25,"column":34},"end":{"line":25,"column":39}},"loc":{"start":{"line":25,"column":44},"end":{"line":25,"column":63}},"line":25},"3":{"name":"(anonymous_3)","decl":{"start":{"line":29,"column":23},"end":{"line":29,"column":40}},"loc":{"start":{"line":29,"column":40},"end":{"line":29,"column":66}},"line":29},"4":{"name":"(anonymous_4)","decl":{"start":{"line":34,"column":18},"end":{"line":34,"column":35}},"loc":{"start":{"line":34,"column":35},"end":{"line":34,"column":52}},"line":34},"5":{"name":"removeToast","decl":{"start":{"line":37,"column":11},"end":{"line":37,"column":23}},"loc":{"start":{"line":37,"column":35},"end":{"line":40,"column":null}},"line":37},"6":{"name":"(anonymous_6)","decl":{"start":{"line":38,"column":29},"end":{"line":38,"column":39}},"loc":{"start":{"line":38,"column":44},"end":{"line":38,"column":55}},"line":38},"7":{"name":"addNotification","decl":{"start":{"line":42,"column":11},"end":{"line":42,"column":27}},"loc":{"start":{"line":42,"column":64},"end":{"line":51,"column":null}},"line":42},"8":{"name":"(anonymous_8)","decl":{"start":{"line":45,"column":18},"end":{"line":45,"column":35}},"loc":{"start":{"line":45,"column":35},"end":{"line":45,"column":59}},"line":45},"9":{"name":"removeNotification","decl":{"start":{"line":52,"column":11},"end":{"line":52,"column":30}},"loc":{"start":{"line":52,"column":42},"end":{"line":55,"column":null}},"line":52},"10":{"name":"(anonymous_10)","decl":{"start":{"line":53,"column":36},"end":{"line":53,"column":46}},"loc":{"start":{"line":53,"column":51},"end":{"line":53,"column":62}},"line":53},"11":{"name":"pushMilestone","decl":{"start":{"line":57,"column":11},"end":{"line":57,"column":25}},"loc":{"start":{"line":57,"column":69},"end":{"line":60,"column":null}},"line":57},"12":{"name":"(anonymous_12)","decl":{"start":{"line":59,"column":4},"end":{"line":59,"column":21}},"loc":{"start":{"line":59,"column":21},"end":{"line":59,"column":47}},"line":59},"13":{"name":"showPlanetCard","decl":{"start":{"line":62,"column":11},"end":{"line":62,"column":26}},"loc":{"start":{"line":62,"column":127},"end":{"line":65,"column":null}},"line":62},"14":{"name":"(anonymous_14)","decl":{"start":{"line":64,"column":4},"end":{"line":64,"column":21}},"loc":{"start":{"line":64,"column":21},"end":{"line":64,"column":55}},"line":64}},"branchMap":{"0":{"loc":{"start":{"line":26,"column":4},"end":{"line":31,"column":null}},"type":"if","locations":[{"start":{"line":26,"column":4},"end":{"line":31,"column":null}},{"start":{},"end":{}}],"line":26},"1":{"loc":{"start":{"line":28,"column":6},"end":{"line":28,"column":null}},"type":"if","locations":[{"start":{"line":28,"column":6},"end":{"line":28,"column":null}},{"start":{},"end":{}}],"line":28},"2":{"loc":{"start":{"line":39,"column":4},"end":{"line":39,"column":null}},"type":"if","locations":[{"start":{"line":39,"column":4},"end":{"line":39,"column":null}},{"start":{},"end":{}}],"line":39},"3":{"loc":{"start":{"line":42,"column":41},"end":{"line":42,"column":64}},"type":"default-arg","locations":[{"start":{"line":42,"column":56},"end":{"line":42,"column":64}}],"line":42},"4":{"loc":{"start":{"line":47,"column":4},"end":{"line":50,"column":null}},"type":"if","locations":[{"start":{"line":47,"column":4},"end":{"line":50,"column":null}},{"start":{},"end":{}}],"line":47},"5":{"loc":{"start":{"line":49,"column":6},"end":{"line":49,"column":null}},"type":"if","locations":[{"start":{"line":49,"column":6},"end":{"line":49,"column":null}},{"start":{},"end":{}}],"line":49},"6":{"loc":{"start":{"line":54,"column":4},"end":{"line":54,"column":null}},"type":"if","locations":[{"start":{"line":54,"column":4},"end":{"line":54,"column":null}},{"start":{},"end":{}}],"line":54}},"s":{"0":2,"1":9,"2":9,"3":9,"4":9,"5":9,"6":9,"7":9,"8":9,"9":9,"10":9,"11":9,"12":9,"13":9,"14":9,"15":4,"16":1,"17":4,"18":1,"19":1,"20":1,"21":1,"22":0,"23":1,"24":3,"25":3,"26":3,"27":1,"28":3,"29":1,"30":1,"31":1,"32":1,"33":10,"34":10,"35":10,"36":0,"37":10,"38":10,"39":3,"40":3,"41":3,"42":0,"43":0,"44":0,"45":0,"46":1,"47":1,"48":1,"49":1,"50":1,"51":1,"52":9},"f":{"0":9,"1":4,"2":1,"3":0,"4":1,"5":1,"6":1,"7":10,"8":0,"9":0,"10":0,"11":1,"12":1,"13":1,"14":1},"b":{"0":[1,3],"1":[1,0],"2":[1,0],"3":[10],"4":[3,7],"5":[3,0],"6":[0,0]},"meta":{"lastBranch":7,"lastFunction":15,"lastStatement":53,"seen":{"s:8:27:74:Infinity":0,"f:8:39:8:52":0,"s:9:20:9:Infinity":1,"s:10:18:10:Infinity":2,"s:11:22:11:Infinity":3,"s:12:22:12:Infinity":4,"s:13:23:13:Infinity":5,"s:14:27:14:Infinity":6,"s:15:17:15:Infinity":7,"s:16:24:16:Infinity":8,"s:17:21:17:Infinity":9,"s:18:25:18:Infinity":10,"s:19:23:19:Infinity":11,"s:20:22:20:Infinity":12,"s:21:21:21:Infinity":13,"s:22:21:22:Infinity":14,"f:24:11:24:20":1,"s:25:21:25:Infinity":15,"f:25:34:25:39":2,"s:25:44:25:63":16,"b:26:4:31:Infinity:undefined:undefined:undefined:undefined":0,"s:26:4:31:Infinity":17,"s:27:6:27:Infinity":18,"b:28:6:28:Infinity:undefined:undefined:undefined:undefined":1,"s:28:6:28:Infinity":19,"s:28:26:28:Infinity":20,"s:29:6:29:Infinity":21,"f:29:23:29:40":3,"s:29:40:29:66":22,"s:30:6:30:Infinity":23,"s:32:15:32:Infinity":24,"s:33:25:33:Infinity":25,"s:34:4:34:Infinity":26,"f:34:18:34:35":4,"s:34:35:34:52":27,"s:35:4:35:Infinity":28,"f:37:11:37:23":5,"s:38:16:38:Infinity":29,"f:38:29:38:39":6,"s:38:44:38:55":30,"b:39:4:39:Infinity:undefined:undefined:undefined:undefined":2,"s:39:4:39:Infinity":31,"s:39:20:39:Infinity":32,"f:42:11:42:27":7,"b:42:56:42:64":3,"s:43:15:43:Infinity":33,"s:44:32:44:Infinity":34,"s:45:4:45:Infinity":35,"f:45:18:45:35":8,"s:45:35:45:59":36,"s:46:4:46:Infinity":37,"b:47:4:50:Infinity:undefined:undefined:undefined:undefined":4,"s:47:4:50:Infinity":38,"s:48:22:48:Infinity":39,"b:49:6:49:Infinity:undefined:undefined:undefined:undefined":5,"s:49:6:49:Infinity":40,"s:49:26:49:Infinity":41,"f:52:11:52:30":9,"s:53:16:53:Infinity":42,"f:53:36:53:46":10,"s:53:51:53:62":43,"b:54:4:54:Infinity:undefined:undefined:undefined:undefined":6,"s:54:4:54:Infinity":44,"s:54:20:54:Infinity":45,"f:57:11:57:25":11,"s:58:4:58:Infinity":46,"s:59:4:59:Infinity":47,"f:59:4:59:21":12,"s:59:21:59:47":48,"f:62:11:62:26":13,"s:63:4:63:Infinity":49,"s:64:4:64:Infinity":50,"f:64:4:64:21":14,"s:64:23:64:52":51,"s:67:2:73:Infinity":52},"fnNames":{}}}
,"/home/dev/projects/voxel-horizon-demo/src/stores/inventoryStore.ts": {"path":"/home/dev/projects/voxel-horizon-demo/src/stores/inventoryStore.ts","statementMap":{"0":{"start":{"line":6,"column":33},"end":{"line":32,"column":null}},"1":{"start":{"line":7,"column":16},"end":{"line":7,"column":null}},"2":{"start":{"line":8,"column":17},"end":{"line":8,"column":null}},"3":{"start":{"line":9,"column":14},"end":{"line":9,"column":null}},"4":{"start":{"line":10,"column":16},"end":{"line":10,"column":null}},"5":{"start":{"line":11,"column":15},"end":{"line":11,"column":null}},"6":{"start":{"line":12,"column":14},"end":{"line":12,"column":null}},"7":{"start":{"line":13,"column":15},"end":{"line":13,"column":null}},"8":{"start":{"line":14,"column":20},"end":{"line":14,"column":null}},"9":{"start":{"line":16,"column":19},"end":{"line":16,"column":null}},"10":{"start":{"line":16,"column":34},"end":{"line":16,"column":57}},"11":{"start":{"line":19,"column":12},"end":{"line":19,"column":null}},"12":{"start":{"line":20,"column":4},"end":{"line":20,"column":null}},"13":{"start":{"line":20,"column":33},"end":{"line":20,"column":null}},"14":{"start":{"line":20,"column":55},"end":{"line":20,"column":null}},"15":{"start":{"line":21,"column":4},"end":{"line":21,"column":null}},"16":{"start":{"line":21,"column":34},"end":{"line":21,"column":null}},"17":{"start":{"line":21,"column":56},"end":{"line":21,"column":null}},"18":{"start":{"line":22,"column":4},"end":{"line":22,"column":null}},"19":{"start":{"line":25,"column":42},"end":{"line":25,"column":73}},"20":{"start":{"line":28,"column":4},"end":{"line":28,"column":null}},"21":{"start":{"line":28,"column":34},"end":{"line":28,"column":48}},"22":{"start":{"line":31,"column":2},"end":{"line":31,"column":null}}},"fnMap":{"0":{"name":"(anonymous_0)","decl":{"start":{"line":6,"column":45},"end":{"line":6,"column":64}},"loc":{"start":{"line":6,"column":64},"end":{"line":32,"column":1}},"line":6},"1":{"name":"(anonymous_1)","decl":{"start":{"line":16,"column":19},"end":{"line":16,"column":34}},"loc":{"start":{"line":16,"column":34},"end":{"line":16,"column":57}},"line":16},"2":{"name":"count","decl":{"start":{"line":18,"column":11},"end":{"line":18,"column":17}},"loc":{"start":{"line":18,"column":37},"end":{"line":23,"column":null}},"line":18},"3":{"name":"stackMax","decl":{"start":{"line":25,"column":11},"end":{"line":25,"column":20}},"loc":{"start":{"line":25,"column":40},"end":{"line":25,"column":null}},"line":25},"4":{"name":"canAfford","decl":{"start":{"line":27,"column":11},"end":{"line":27,"column":21}},"loc":{"start":{"line":27,"column":55},"end":{"line":29,"column":null}},"line":27},"5":{"name":"(anonymous_5)","decl":{"start":{"line":28,"column":15},"end":{"line":28,"column":22}},"loc":{"start":{"line":28,"column":34},"end":{"line":28,"column":48}},"line":28}},"branchMap":{"0":{"loc":{"start":{"line":20,"column":33},"end":{"line":20,"column":null}},"type":"if","locations":[{"start":{"line":20,"column":33},"end":{"line":20,"column":null}},{"start":{},"end":{}}],"line":20},"1":{"loc":{"start":{"line":20,"column":37},"end":{"line":20,"column":55}},"type":"binary-expr","locations":[{"start":{"line":20,"column":37},"end":{"line":20,"column":42}},{"start":{"line":20,"column":42},"end":{"line":20,"column":55}}],"line":20},"2":{"loc":{"start":{"line":21,"column":34},"end":{"line":21,"column":null}},"type":"if","locations":[{"start":{"line":21,"column":34},"end":{"line":21,"column":null}},{"start":{},"end":{}}],"line":21},"3":{"loc":{"start":{"line":21,"column":38},"end":{"line":21,"column":56}},"type":"binary-expr","locations":[{"start":{"line":21,"column":38},"end":{"line":21,"column":43}},{"start":{"line":21,"column":43},"end":{"line":21,"column":56}}],"line":21},"4":{"loc":{"start":{"line":25,"column":49},"end":{"line":25,"column":73}},"type":"binary-expr","locations":[{"start":{"line":25,"column":49},"end":{"line":25,"column":69}},{"start":{"line":25,"column":69},"end":{"line":25,"column":73}}],"line":25}},"s":{"0":4,"1":23,"2":23,"3":23,"4":23,"5":23,"6":23,"7":23,"8":23,"9":23,"10":1,"11":13,"12":13,"13":312,"14":0,"15":13,"16":117,"17":0,"18":13,"19":2,"20":12,"21":12,"22":23},"f":{"0":23,"1":1,"2":13,"3":2,"4":12,"5":12},"b":{"0":[0,312],"1":[312,0],"2":[0,117],"3":[117,0],"4":[2,0]},"meta":{"lastBranch":5,"lastFunction":6,"lastStatement":23,"seen":{"s:6:33:32:Infinity":0,"f:6:45:6:64":0,"s:7:16:7:Infinity":1,"s:8:17:8:Infinity":2,"s:9:14:9:Infinity":3,"s:10:16:10:Infinity":4,"s:11:15:11:Infinity":5,"s:12:14:12:Infinity":6,"s:13:15:13:Infinity":7,"s:14:20:14:Infinity":8,"s:16:19:16:Infinity":9,"f:16:19:16:34":1,"s:16:34:16:57":10,"f:18:11:18:17":2,"s:19:12:19:Infinity":11,"s:20:4:20:Infinity":12,"b:20:33:20:Infinity:undefined:undefined:undefined:undefined":0,"s:20:33:20:Infinity":13,"b:20:37:20:42:20:42:20:55":1,"s:20:55:20:Infinity":14,"s:21:4:21:Infinity":15,"b:21:34:21:Infinity:undefined:undefined:undefined:undefined":2,"s:21:34:21:Infinity":16,"b:21:38:21:43:21:43:21:56":3,"s:21:56:21:Infinity":17,"s:22:4:22:Infinity":18,"f:25:11:25:20":3,"s:25:42:25:73":19,"b:25:49:25:69:25:69:25:73":4,"f:27:11:27:21":4,"s:28:4:28:Infinity":20,"f:28:15:28:22":5,"s:28:34:28:48":21,"s:31:2:31:Infinity":22},"fnNames":{}}}
,"/home/dev/projects/voxel-horizon-demo/src/stores/milestonesStore.ts": {"path":"/home/dev/projects/voxel-horizon-demo/src/stores/milestonesStore.ts","statementMap":{"0":{"start":{"line":4,"column":34},"end":{"line":11,"column":null}},"1":{"start":{"line":5,"column":16},"end":{"line":7,"column":null}},"2":{"start":{"line":8,"column":18},"end":{"line":8,"column":null}},"3":{"start":{"line":10,"column":2},"end":{"line":10,"column":null}}},"fnMap":{"0":{"name":"(anonymous_0)","decl":{"start":{"line":4,"column":46},"end":{"line":4,"column":66}},"loc":{"start":{"line":4,"column":66},"end":{"line":11,"column":1}},"line":4}},"branchMap":{},"s":{"0":3,"1":8,"2":8,"3":8},"f":{"0":8},"b":{},"meta":{"lastBranch":0,"lastFunction":1,"lastStatement":4,"seen":{"s:4:34:11:Infinity":0,"f:4:46:4:66":0,"s:5:16:7:Infinity":1,"s:8:18:8:Infinity":2,"s:10:2:10:Infinity":3},"fnNames":{}}}
,"/home/dev/projects/voxel-horizon-demo/src/stores/missionsStore.ts": {"path":"/home/dev/projects/voxel-horizon-demo/src/stores/missionsStore.ts","statementMap":{"0":{"start":{"line":5,"column":32},"end":{"line":17,"column":null}},"1":{"start":{"line":6,"column":14},"end":{"line":6,"column":null}},"2":{"start":{"line":7,"column":26},"end":{"line":7,"column":null}},"3":{"start":{"line":8,"column":23},"end":{"line":8,"column":null}},"4":{"start":{"line":9,"column":19},"end":{"line":9,"column":null}},"5":{"start":{"line":10,"column":15},"end":{"line":10,"column":null}},"6":{"start":{"line":11,"column":21},"end":{"line":11,"column":null}},"7":{"start":{"line":12,"column":21},"end":{"line":12,"column":null}},"8":{"start":{"line":14,"column":18},"end":{"line":14,"column":null}},"9":{"start":{"line":14,"column":33},"end":{"line":14,"column":62}},"10":{"start":{"line":16,"column":2},"end":{"line":16,"column":null}}},"fnMap":{"0":{"name":"(anonymous_0)","decl":{"start":{"line":5,"column":44},"end":{"line":5,"column":62}},"loc":{"start":{"line":5,"column":62},"end":{"line":17,"column":1}},"line":5},"1":{"name":"(anonymous_1)","decl":{"start":{"line":14,"column":18},"end":{"line":14,"column":33}},"loc":{"start":{"line":14,"column":33},"end":{"line":14,"column":62}},"line":14}},"branchMap":{"0":{"loc":{"start":{"line":14,"column":33},"end":{"line":14,"column":62}},"type":"binary-expr","locations":[{"start":{"line":14,"column":33},"end":{"line":14,"column":58}},{"start":{"line":14,"column":58},"end":{"line":14,"column":62}}],"line":14}},"s":{"0":1,"1":2,"2":2,"3":2,"4":2,"5":2,"6":2,"7":2,"8":2,"9":1,"10":2},"f":{"0":2,"1":1},"b":{"0":[1,1]},"meta":{"lastBranch":1,"lastFunction":2,"lastStatement":11,"seen":{"s:5:32:17:Infinity":0,"f:5:44:5:62":0,"s:6:14:6:Infinity":1,"s:7:26:7:Infinity":2,"s:8:23:8:Infinity":3,"s:9:19:9:Infinity":4,"s:10:15:10:Infinity":5,"s:11:21:11:Infinity":6,"s:12:21:12:Infinity":7,"s:14:18:14:Infinity":8,"f:14:18:14:33":1,"s:14:33:14:62":9,"b:14:33:14:58:14:58:14:62":0,"s:16:2:16:Infinity":10},"fnNames":{}}}
,"/home/dev/projects/voxel-horizon-demo/src/stores/playerStore.ts": {"path":"/home/dev/projects/voxel-horizon-demo/src/stores/playerStore.ts","statementMap":{"0":{"start":{"line":4,"column":30},"end":{"line":27,"column":null}},"1":{"start":{"line":5,"column":13},"end":{"line":5,"column":null}},"2":{"start":{"line":6,"column":17},"end":{"line":6,"column":null}},"3":{"start":{"line":7,"column":13},"end":{"line":7,"column":null}},"4":{"start":{"line":8,"column":18},"end":{"line":8,"column":null}},"5":{"start":{"line":9,"column":17},"end":{"line":9,"column":null}},"6":{"start":{"line":10,"column":15},"end":{"line":10,"column":null}},"7":{"start":{"line":11,"column":15},"end":{"line":11,"column":null}},"8":{"start":{"line":12,"column":21},"end":{"line":12,"column":null}},"9":{"start":{"line":13,"column":23},"end":{"line":13,"column":null}},"10":{"start":{"line":14,"column":16},"end":{"line":14,"column":null}},"11":{"start":{"line":15,"column":18},"end":{"line":15,"column":null}},"12":{"start":{"line":16,"column":19},"end":{"line":16,"column":null}},"13":{"start":{"line":17,"column":18},"end":{"line":17,"column":null}},"14":{"start":{"line":18,"column":22},"end":{"line":18,"column":null}},"15":{"start":{"line":19,"column":20},"end":{"line":19,"column":null}},"16":{"start":{"line":20,"column":17},"end":{"line":20,"column":null}},"17":{"start":{"line":22,"column":2},"end":{"line":26,"column":null}}},"fnMap":{"0":{"name":"(anonymous_0)","decl":{"start":{"line":4,"column":42},"end":{"line":4,"column":58}},"loc":{"start":{"line":4,"column":58},"end":{"line":27,"column":1}},"line":4}},"branchMap":{},"s":{"0":1,"1":2,"2":2,"3":2,"4":2,"5":2,"6":2,"7":2,"8":2,"9":2,"10":2,"11":2,"12":2,"13":2,"14":2,"15":2,"16":2,"17":2},"f":{"0":2},"b":{},"meta":{"lastBranch":0,"lastFunction":1,"lastStatement":18,"seen":{"s:4:30:27:Infinity":0,"f:4:42:4:58":0,"s:5:13:5:Infinity":1,"s:6:17:6:Infinity":2,"s:7:13:7:Infinity":3,"s:8:18:8:Infinity":4,"s:9:17:9:Infinity":5,"s:10:15:10:Infinity":6,"s:11:15:11:Infinity":7,"s:12:21:12:Infinity":8,"s:13:23:13:Infinity":9,"s:14:16:14:Infinity":10,"s:15:18:15:Infinity":11,"s:16:19:16:Infinity":12,"s:17:18:17:Infinity":13,"s:18:22:18:Infinity":14,"s:19:20:19:Infinity":15,"s:20:17:20:Infinity":16,"s:22:2:26:Infinity":17},"fnNames":{}}}
,"/home/dev/projects/voxel-horizon-demo/src/stores/shipStore.ts": {"path":"/home/dev/projects/voxel-horizon-demo/src/stores/shipStore.ts","statementMap":{"0":{"start":{"line":5,"column":28},"end":{"line":23,"column":null}},"1":{"start":{"line":6,"column":16},"end":{"line":9,"column":null}},"2":{"start":{"line":10,"column":15},"end":{"line":10,"column":null}},"3":{"start":{"line":11,"column":17},"end":{"line":11,"column":null}},"4":{"start":{"line":12,"column":16},"end":{"line":12,"column":null}},"5":{"start":{"line":13,"column":19},"end":{"line":13,"column":null}},"6":{"start":{"line":14,"column":14},"end":{"line":14,"column":null}},"7":{"start":{"line":15,"column":16},"end":{"line":15,"column":null}},"8":{"start":{"line":16,"column":18},"end":{"line":16,"column":null}},"9":{"start":{"line":17,"column":15},"end":{"line":17,"column":null}},"10":{"start":{"line":19,"column":19},"end":{"line":19,"column":null}},"11":{"start":{"line":19,"column":34},"end":{"line":19,"column":91}},"12":{"start":{"line":20,"column":20},"end":{"line":20,"column":null}},"13":{"start":{"line":20,"column":35},"end":{"line":20,"column":69}},"14":{"start":{"line":22,"column":2},"end":{"line":22,"column":null}}},"fnMap":{"0":{"name":"(anonymous_0)","decl":{"start":{"line":5,"column":40},"end":{"line":5,"column":54}},"loc":{"start":{"line":5,"column":54},"end":{"line":23,"column":1}},"line":5},"1":{"name":"(anonymous_1)","decl":{"start":{"line":19,"column":19},"end":{"line":19,"column":34}},"loc":{"start":{"line":19,"column":34},"end":{"line":19,"column":91}},"line":19},"2":{"name":"(anonymous_2)","decl":{"start":{"line":20,"column":20},"end":{"line":20,"column":35}},"loc":{"start":{"line":20,"column":35},"end":{"line":20,"column":69}},"line":20}},"branchMap":{"0":{"loc":{"start":{"line":19,"column":34},"end":{"line":19,"column":91}},"type":"binary-expr","locations":[{"start":{"line":19,"column":34},"end":{"line":19,"column":66}},{"start":{"line":19,"column":66},"end":{"line":19,"column":91}}],"line":19},"1":{"loc":{"start":{"line":20,"column":35},"end":{"line":20,"column":69}},"type":"binary-expr","locations":[{"start":{"line":20,"column":35},"end":{"line":20,"column":53}},{"start":{"line":20,"column":53},"end":{"line":20,"column":69}}],"line":20}},"s":{"0":1,"1":4,"2":4,"3":4,"4":4,"5":4,"6":4,"7":4,"8":4,"9":4,"10":4,"11":4,"12":4,"13":3,"14":4},"f":{"0":4,"1":4,"2":3},"b":{"0":[4,2],"1":[3,2]},"meta":{"lastBranch":2,"lastFunction":3,"lastStatement":15,"seen":{"s:5:28:23:Infinity":0,"f:5:40:5:54":0,"s:6:16:9:Infinity":1,"s:10:15:10:Infinity":2,"s:11:17:11:Infinity":3,"s:12:16:12:Infinity":4,"s:13:19:13:Infinity":5,"s:14:14:14:Infinity":6,"s:15:16:15:Infinity":7,"s:16:18:16:Infinity":8,"s:17:15:17:Infinity":9,"s:19:19:19:Infinity":10,"f:19:19:19:34":1,"s:19:34:19:91":11,"b:19:34:19:66:19:66:19:91":0,"s:20:20:20:Infinity":12,"f:20:20:20:35":2,"s:20:35:20:69":13,"b:20:35:20:53:20:53:20:69":1,"s:22:2:22:Infinity":14},"fnNames":{}}}
}
